Unity Editor version:    6000.2.4f1 (17550c9bb584)
Branch:                  6000.2/staging
Build type:              Release
Batch mode:              YES
macOS version:           Version 26.0 (Build 25A354)
Darwin version:          25.0.0
Architecture:            arm64
Running under Rosetta:   NO
Available memory:        24576 MB
Date:                    2025-09-20T18:13:29Z
[Licensing::Module] Trying to connect to existing licensing client channel...
[Licensing::IpcConnector] Successfully connected to: "LicenseClient-lemapperson" at "2025-09-20T18:13:29.604776Z"

COMMAND LINE ARGUMENTS:
/Volumes/Alternate_Mac_HD/Unity/6000.2.4f1/Unity.app/Contents/MacOS/Unity
-adb2
-batchMode
-noUpm
-name
AssetImportWorker1
-projectPath
/Volumes/Alternate_Mac_HD/Unity/092025_Game
-logFile
Logs/AssetImportWorker1.log
-srvPort
60381
-job-worker-count
4
-background-job-worker-count
8
-gc-helper-count
1
-name AssetImport
Successfully changed project path to: /Volumes/Alternate_Mac_HD/Unity/092025_Game
/Volumes/Alternate_Mac_HD/Unity/092025_Game
[UnityMemory] Configuration Parameters - Can be set up in boot.config
    "memorysetup-allocator-temp-initial-block-size-main=262144"
    "memorysetup-allocator-temp-initial-block-size-worker=262144"
    "memorysetup-bucket-allocator-granularity=16"
    "memorysetup-bucket-allocator-bucket-count=8"
    "memorysetup-bucket-allocator-block-size=33554432"
    "memorysetup-bucket-allocator-block-count=8"
    "memorysetup-main-allocator-block-size=16777216"
    "memorysetup-thread-allocator-block-size=16777216"
    "memorysetup-gfx-main-allocator-block-size=16777216"
    "memorysetup-gfx-thread-allocator-block-size=16777216"
    "memorysetup-cache-allocator-block-size=4194304"
    "memorysetup-typetree-allocator-block-size=2097152"
    "memorysetup-profiler-bucket-allocator-granularity=16"
    "memorysetup-profiler-bucket-allocator-bucket-count=8"
    "memorysetup-profiler-bucket-allocator-block-size=33554432"
    "memorysetup-profiler-bucket-allocator-block-count=8"
    "memorysetup-profiler-allocator-block-size=16777216"
    "memorysetup-profiler-editor-allocator-block-size=1048576"
    "memorysetup-temp-allocator-size-main=16777216"
    "memorysetup-job-temp-allocator-block-size=2097152"
    "memorysetup-job-temp-allocator-block-size-background=1048576"
    "memorysetup-job-temp-allocator-reduction-small-platforms=262144"
    "memorysetup-temp-allocator-size-background-worker=32768"
    "memorysetup-temp-allocator-size-job-worker=262144"
    "memorysetup-temp-allocator-size-preload-manager=33554432"
    "memorysetup-temp-allocator-size-nav-mesh-worker=65536"
    "memorysetup-temp-allocator-size-audio-worker=65536"
    "memorysetup-temp-allocator-size-cloud-worker=32768"
    "memorysetup-temp-allocator-size-gi-baking-worker=262144"
    "memorysetup-temp-allocator-size-gi-baking-worker=262144"
    "memorysetup-temp-allocator-size-gi-baking-worker=262144"
    "memorysetup-temp-allocator-size-gi-baking-worker=262144"
    "memorysetup-temp-allocator-size-gi-baking-worker=262144"
    "memorysetup-temp-allocator-size-gfx=262144"
Player connection [8378599424]  Target information:

Player connection [8378599424]  * "[IP] 192.168.1.28 [Port] 0 [Flags] 2 [Guid] 744466888 [EditorId] 744466888 [Version] 1048832 [Id] OSXEditor(0,Lems-Mac-mini.local) [Debug] 1 [PackageName] OSXEditor [ProjectName] Editor" 

Player connection [8378599424]  * "[IP] 192.168.1.30 [Port] 0 [Flags] 2 [Guid] 744466888 [EditorId] 744466888 [Version] 1048832 [Id] OSXEditor(0,Lems-Mac-mini.local) [Debug] 1 [PackageName] OSXEditor [ProjectName] Editor" 

Player connection [8378599424] Host joined multi-casting on [225.0.0.222:54997]...
Player connection [8378599424] Host joined alternative multi-casting on [225.0.0.222:34997]...
JobSystem: Creating JobQueue using job-worker-count value 4
Input System module state changed to: Initialized.
[Physics::Module] Initialized fallback backend.
[Physics::Module] Id: 0xdecafbad
Library Redirect Path: Library/
[Physics::Module] Selected backend.
[Physics::Module] Name: PhysX
[Physics::Module] Id: 0xf2b8ea05
[Physics::Module] SDK Version: 4.1.2
[Physics::Module] Integration Version: 1.0.0
[Physics::Module] Threading Mode: Multi-Threaded
Refreshing native plugins compatible for Editor in 2.60 ms, found 2 plugins.
Preloading 0 native plugins for Editor in 0.00 ms.
Initialize engine version: 6000.2.4f1 (17550c9bb584)
[Subsystems] Discovering subsystems at path /Volumes/Alternate_Mac_HD/Unity/6000.2.4f1/Unity.app/Contents/Resources/UnitySubsystems
[Subsystems] Discovering subsystems at path /Volumes/Alternate_Mac_HD/Unity/092025_Game/Assets
GfxDevice: creating device client; kGfxThreadingModeNonThreaded
 preferred device: Apple M4 (high power)
Metal devices available: 1
0: Apple M4 (high power)
Using device Apple M4 (high power)
Initializing Metal device caps: Apple M4
Mac GPU Family: 2
Apple GPU Family: 9
MSL Version: 3.0
Has Float MSAA: 1
Has Float Filtering: 1
ReadWrite Texture Tier: 2
[Licensing::Client] Code 10 while verifying Licensing Client signature (process Id: 1648, path: "/Applications/Unity Hub.app/Contents/Frameworks/UnityLicensingClient_V1.app/Contents/MacOS/Unity.Licensing.Client")
[Licensing::Module] LicensingClient has failed validation; ignoring
[Licensing::Client] Error: HandshakeResponse reported an error:
	ResponseCode: 505
	ResponseStatus: Unsupported protocol version '1.17.2'.
[Licensing::Module] Error: Failed to handshake to channel: "LicenseClient-lemapperson"
[Licensing::IpcConnector] LicenseClient-lemapperson channel disconnected successfully.
[Licensing::IpcConnector] Successfully connected to: "LicenseClient-lemapperson-6000.2.4" at "2025-09-20T18:13:29.991545Z"
[Licensing::Client] Code 1 while verifying Licensing Client signature (process Id: 24616, path: "/Volumes/Alternate_Mac_HD/Unity/6000.2.4f1/Unity.app/Contents/Frameworks/UnityLicensingClient.app/Contents/MacOS/Unity.Licensing.Client")
[Licensing::Module] LicensingClient has failed validation; ignoring
[Licensing::Client] Handshaking with LicensingClient:
  Version:                 1.17.2+ff71f16
  Session Id:              2193977860c24a7e828b04ac003534be
  Correlation Id:          f6f9b79958e5651198ce8013ace2cf45
  External correlation Id: 568387386839716604
  Machine Id:              9FVEHpy5ZSyMUfY1rFeGn6FSXjo=
[Licensing::Module] Successfully connected to LicensingClient on channel: "LicenseClient-lemapperson-6000.2.4" (connect: 0.00s, validation: 0.00s, handshake: 0.01s)
[Licensing::IpcConnector] Successfully connected to: "LicenseClient-lemapperson-6000.2.4-notifications" at "2025-09-20T18:13:30.000763Z"
[Licensing::Module] Licensing Background thread has ended after 0.40s
Initialize mono
Mono path[0] = '/Volumes/Alternate_Mac_HD/Unity/6000.2.4f1/Unity.app/Contents/Managed'
Mono path[1] = '/Volumes/Alternate_Mac_HD/Unity/6000.2.4f1/Unity.app/Contents/MonoBleedingEdge/lib/mono/unityjit-macos'
Mono config path = '/Volumes/Alternate_Mac_HD/Unity/6000.2.4f1/Unity.app/Contents/MonoBleedingEdge/etc'
Using monoOptions --debugger-agent=transport=dt_socket,embedding=1,server=y,suspend=n,address=127.0.0.1:56075
Begin MonoManager ReloadAssembly
Registering precompiled unity dll's ...
Register platform support module: /Volumes/Alternate_Mac_HD/Unity/6000.2.4f1/Unity.app/Contents/PlaybackEngines/MacStandaloneSupport/UnityEditor.OSXStandalone.Extensions.dll
Registered in 0.000223 seconds.
- Loaded All Assemblies, in  0.200 seconds
Native extension for OSXStandalone target not found
Mono: successfully reloaded assembly
- Finished resetting the current domain, in  0.174 seconds
Domain Reload Profiling: 374ms
	BeginReloadAssembly (72ms)
		ExecutionOrderSort (0ms)
		DisableScriptedObjects (0ms)
		BackupInstance (0ms)
		ReleaseScriptingObjects (0ms)
		CreateAndSetChildDomain (0ms)
	RebuildCommonClasses (19ms)
	RebuildNativeTypeToScriptingClass (7ms)
	initialDomainReloadingComplete (21ms)
	LoadAllAssembliesAndSetupDomain (81ms)
		LoadAssemblies (73ms)
		RebuildTransferFunctionScriptingTraits (0ms)
		AnalyzeDomain (79ms)
			TypeCache.Refresh (78ms)
				TypeCache.ScanAssembly (69ms)
			BuildScriptInfoCaches (0ms)
			ResolveRequiredComponents (0ms)
	FinalizeReload (174ms)
		ReleaseScriptCaches (0ms)
		RebuildScriptCaches (0ms)
		SetupLoadedEditorAssemblies (153ms)
			LogAssemblyErrors (0ms)
			InitializePlatformSupportModulesInManaged (23ms)
			SetLoadedEditorAssemblies (3ms)
			BeforeProcessingInitializeOnLoad (36ms)
			ProcessInitializeOnLoadAttributes (63ms)
			ProcessInitializeOnLoadMethodAttributes (29ms)
			AfterProcessingInitializeOnLoad (0ms)
			EditorAssembliesLoaded (0ms)
		ExecutionOrderSort2 (0ms)
		AwakeInstancesAfterBackupRestoration (0ms)
========================================================================
Worker process is ready to serve import requests
Import Worker Mode flag is 0x00
Begin MonoManager ReloadAssembly
[Licensing::Client] Successfully resolved entitlement details
[Licensing::Module] License group:
  Id: 2474237441688-UnityPersXXXX
  Product: Unity Personal
  Type: Assigned
  Expiration: Unlimited
Symbol file LoadedFromMemory is not a mono symbol file
- Loaded All Assemblies, in  0.284 seconds
Refreshing native plugins compatible for Editor in 1.36 ms, found 2 plugins.
Native extension for OSXStandalone target not found
Refreshing native plugins compatible for Editor in 1.54 ms, found 2 plugins.
Package Manager log level set to [2]
[Package Manager] Failed to launch server process. Reason: Unity was launched with the -noUpm command-line argument
[Package Manager] Unable to send message (not connected to server process).
[Package Manager] Cannot connect to Unity Package Manager local server
Mono: successfully reloaded assembly
- Finished resetting the current domain, in  0.264 seconds
Domain Reload Profiling: 549ms
	BeginReloadAssembly (62ms)
		ExecutionOrderSort (0ms)
		DisableScriptedObjects (2ms)
		BackupInstance (0ms)
		ReleaseScriptingObjects (0ms)
		CreateAndSetChildDomain (12ms)
	RebuildCommonClasses (18ms)
	RebuildNativeTypeToScriptingClass (7ms)
	initialDomainReloadingComplete (16ms)
	LoadAllAssembliesAndSetupDomain (181ms)
		LoadAssemblies (143ms)
		RebuildTransferFunctionScriptingTraits (0ms)
		AnalyzeDomain (65ms)
			TypeCache.Refresh (51ms)
				TypeCache.ScanAssembly (42ms)
			BuildScriptInfoCaches (12ms)
			ResolveRequiredComponents (1ms)
	FinalizeReload (264ms)
		ReleaseScriptCaches (0ms)
		RebuildScriptCaches (0ms)
		SetupLoadedEditorAssemblies (213ms)
			LogAssemblyErrors (0ms)
			InitializePlatformSupportModulesInManaged (1ms)
			SetLoadedEditorAssemblies (2ms)
			BeforeProcessingInitializeOnLoad (49ms)
			ProcessInitializeOnLoadAttributes (142ms)
			ProcessInitializeOnLoadMethodAttributes (19ms)
			AfterProcessingInitializeOnLoad (1ms)
			EditorAssembliesLoaded (0ms)
		ExecutionOrderSort2 (0ms)
		AwakeInstancesAfterBackupRestoration (3ms)
Launching external process: /Volumes/Alternate_Mac_HD/Unity/6000.2.4f1/Unity.app/Contents/Tools/UnityShaderCompiler
Launched and connected shader compiler UnityShaderCompiler after 0.02 seconds
Refreshing native plugins compatible for Editor in 1.44 ms, found 2 plugins.
Preloading 0 native plugins for Editor in 0.00 ms.
Unloading 0 Unused Serialized files (Serialized files now loaded: 0)
Unloading 3154 unused Assets / (0.7 MB). Loaded Objects now: 3596.
Memory consumption went from 74.5 MB to 73.8 MB.
Total: 3.789500 ms (FindLiveObjects: 0.308250 ms CreateObjectMapping: 0.075167 ms MarkObjects: 3.047708 ms  DeleteObjects: 0.358083 ms)

========================================================================
Received Import Request.
  Time since last request: 110722.927149 seconds.
  path: Assets/Scripts/Data/paladinTank_male_epic.asset
  artifactKey: Guid(ce68b5dfd41b6454d90226b963fef388) Importer(815301076,1909f56bfc062723c751e8b465ee728b)
Start importing Assets/Scripts/Data/paladinTank_male_epic.asset using Guid(ce68b5dfd41b6454d90226b963fef388) Importer(815301076,1909f56bfc062723c751e8b465ee728b) (PreviewImporter) -> (artifact id: 'f285747811498b81fe4a6bb3af7387cd') in 0.0102885 seconds
Number of updated asset objects reloaded before import = 0Number of asset objects unloaded after import = 2

========================================================================
Received Import Request.
  Time since last request: 0.000029 seconds.
  path: Assets/Scripts/Data/paladinDamageDealer_male_legendary.asset
  artifactKey: Guid(9ccf1bc55a5c0482fbd17436f078015b) Importer(815301076,1909f56bfc062723c751e8b465ee728b)
Start importing Assets/Scripts/Data/paladinDamageDealer_male_legendary.asset using Guid(9ccf1bc55a5c0482fbd17436f078015b) Importer(815301076,1909f56bfc062723c751e8b465ee728b) (PreviewImporter) -> (artifact id: '1062d272ec861a79ce57f441984a4fb3') in 0.000744208 seconds
Number of updated asset objects reloaded before import = 0Number of asset objects unloaded after import = 2

========================================================================
Received Import Request.
  Time since last request: 0.000054 seconds.
  path: Assets/Scripts/Data/paladinTank_male_legendary.asset
  artifactKey: Guid(7f80347a2174b4fd7928a5c4cac58cf8) Importer(815301076,1909f56bfc062723c751e8b465ee728b)
Start importing Assets/Scripts/Data/paladinTank_male_legendary.asset using Guid(7f80347a2174b4fd7928a5c4cac58cf8) Importer(815301076,1909f56bfc062723c751e8b465ee728b) (PreviewImporter) -> (artifact id: 'd8e06c451d54cce280d55e35d27312a6') in 0.000787041 seconds
Number of updated asset objects reloaded before import = 0Number of asset objects unloaded after import = 2

========================================================================
Received Import Request.
  Time since last request: 0.000073 seconds.
  path: Assets/Scripts/Data/paladinDamageDealer_male_rare.asset
  artifactKey: Guid(48b9c09a23fa542cd915b6431c5a9040) Importer(815301076,1909f56bfc062723c751e8b465ee728b)
Start importing Assets/Scripts/Data/paladinDamageDealer_male_rare.asset using Guid(48b9c09a23fa542cd915b6431c5a9040) Importer(815301076,1909f56bfc062723c751e8b465ee728b) (PreviewImporter) -> (artifact id: 'ddd8c61c7210e5fa788a67e31e2dfc6b') in 0.000361333 seconds
Number of updated asset objects reloaded before import = 0Number of asset objects unloaded after import = 2

========================================================================
Received Import Request.
  Time since last request: 0.000067 seconds.
  path: Assets/Scripts/Data/paladinTank_male_common.asset
  artifactKey: Guid(c2694482da6b846068b845db5a82cff6) Importer(815301076,1909f56bfc062723c751e8b465ee728b)
Start importing Assets/Scripts/Data/paladinTank_male_common.asset using Guid(c2694482da6b846068b845db5a82cff6) Importer(815301076,1909f56bfc062723c751e8b465ee728b) (PreviewImporter) -> (artifact id: 'a233fb49812e616fb2b5afd4f0c06a75') in 0.000260167 seconds
Number of updated asset objects reloaded before import = 0Number of asset objects unloaded after import = 2

========================================================================
Received Import Request.
  Time since last request: 0.000064 seconds.
  path: Assets/Scripts/Data/paladinTank_male_uncommon.asset
  artifactKey: Guid(6a81d7f9ea844434d868cd32b455957d) Importer(815301076,1909f56bfc062723c751e8b465ee728b)
Start importing Assets/Scripts/Data/paladinTank_male_uncommon.asset using Guid(6a81d7f9ea844434d868cd32b455957d) Importer(815301076,1909f56bfc062723c751e8b465ee728b) (PreviewImporter) -> (artifact id: 'f08298d4d8afbcbdac1fdad8cdf0b7c7') in 0.000577875 seconds
Number of updated asset objects reloaded before import = 0Number of asset objects unloaded after import = 2

========================================================================
Received Import Request.
  Time since last request: 0.000043 seconds.
  path: Assets/Scripts/Data/paladinHealer_male_epic.asset
  artifactKey: Guid(c34e0bba050a04fc89d29b0822848285) Importer(815301076,1909f56bfc062723c751e8b465ee728b)
Start importing Assets/Scripts/Data/paladinHealer_male_epic.asset using Guid(c34e0bba050a04fc89d29b0822848285) Importer(815301076,1909f56bfc062723c751e8b465ee728b) (PreviewImporter) -> (artifact id: '44e4ffcfc1d9a868b98c68d2bb78b279') in 0.001426875 seconds
Number of updated asset objects reloaded before import = 0Number of asset objects unloaded after import = 2

========================================================================
Received Import Request.
  Time since last request: 0.000064 seconds.
  path: Assets/Scripts/Data/paladinHealer_male_rare.asset
  artifactKey: Guid(7381ac07bee224b9090a6c1460041aae) Importer(815301076,1909f56bfc062723c751e8b465ee728b)
Start importing Assets/Scripts/Data/paladinHealer_male_rare.asset using Guid(7381ac07bee224b9090a6c1460041aae) Importer(815301076,1909f56bfc062723c751e8b465ee728b) (PreviewImporter) -> (artifact id: 'fd22a0da5f530d1852982963e4b444dc') in 0.000443167 seconds
Number of updated asset objects reloaded before import = 0Number of asset objects unloaded after import = 2

========================================================================
Received Import Request.
  Time since last request: 0.000046 seconds.
  path: Assets/Scripts/Data/paladinSupport_male_epic.asset
  artifactKey: Guid(454d64a5d392a4d558dc0720dee99c59) Importer(815301076,1909f56bfc062723c751e8b465ee728b)
Start importing Assets/Scripts/Data/paladinSupport_male_epic.asset using Guid(454d64a5d392a4d558dc0720dee99c59) Importer(815301076,1909f56bfc062723c751e8b465ee728b) (PreviewImporter) -> (artifact id: '2fd8272a0e9bb64cc217cb91a10ef51a') in 0.000269958 seconds
Number of updated asset objects reloaded before import = 0Number of asset objects unloaded after import = 2

========================================================================
Received Import Request.
  Time since last request: 0.000100 seconds.
  path: Assets/Scripts/Data/paladinDamageDealer_male_epic.asset
  artifactKey: Guid(afc22b8bb70374e6da4d4a01af96bff4) Importer(815301076,1909f56bfc062723c751e8b465ee728b)
Start importing Assets/Scripts/Data/paladinDamageDealer_male_epic.asset using Guid(afc22b8bb70374e6da4d4a01af96bff4) Importer(815301076,1909f56bfc062723c751e8b465ee728b) (PreviewImporter) -> (artifact id: '959ad50ad53147651e9f5a4bff4e1666') in 0.000258167 seconds
Number of updated asset objects reloaded before import = 0Number of asset objects unloaded after import = 2

========================================================================
Received Import Request.
  Time since last request: 0.000050 seconds.
  path: Assets/Scripts/Data/paladinDamageDealer_male_common.asset
  artifactKey: Guid(0d727d0d5419143438f59c78dc068513) Importer(815301076,1909f56bfc062723c751e8b465ee728b)
Start importing Assets/Scripts/Data/paladinDamageDealer_male_common.asset using Guid(0d727d0d5419143438f59c78dc068513) Importer(815301076,1909f56bfc062723c751e8b465ee728b) (PreviewImporter) -> (artifact id: '3feedd15fe24d45dbef62fbf7467395d') in 0.000238167 seconds
Number of updated asset objects reloaded before import = 0Number of asset objects unloaded after import = 2

========================================================================
Received Import Request.
  Time since last request: 0.000075 seconds.
  path: Assets/Scripts/Data/paladinTank_male_mystic.asset
  artifactKey: Guid(5e387c447322644c1a6c18534920bd14) Importer(815301076,1909f56bfc062723c751e8b465ee728b)
Start importing Assets/Scripts/Data/paladinTank_male_mystic.asset using Guid(5e387c447322644c1a6c18534920bd14) Importer(815301076,1909f56bfc062723c751e8b465ee728b) (PreviewImporter) -> (artifact id: 'ce9a79e5c2d1ea1c33e09868b53b060d') in 0.00031975 seconds
Number of updated asset objects reloaded before import = 0Number of asset objects unloaded after import = 2

========================================================================
Received Import Request.
  Time since last request: 0.000057 seconds.
  path: Assets/Scripts/Data/paladinHealer_male_common.asset
  artifactKey: Guid(e47f5390e39ad429a8a8765dc3c1016b) Importer(815301076,1909f56bfc062723c751e8b465ee728b)
Start importing Assets/Scripts/Data/paladinHealer_male_common.asset using Guid(e47f5390e39ad429a8a8765dc3c1016b) Importer(815301076,1909f56bfc062723c751e8b465ee728b) (PreviewImporter) -> (artifact id: 'ce2b54a830b4771a3f7edf33cd4ba3ae') in 0.000256 seconds
Number of updated asset objects reloaded before import = 0Number of asset objects unloaded after import = 2

========================================================================
Received Import Request.
  Time since last request: 0.000046 seconds.
  path: Assets/Scripts/Data/paladinSupport_male_common.asset
  artifactKey: Guid(b5d6bedc874a34a81b45761a937638cb) Importer(815301076,1909f56bfc062723c751e8b465ee728b)
Start importing Assets/Scripts/Data/paladinSupport_male_common.asset using Guid(b5d6bedc874a34a81b45761a937638cb) Importer(815301076,1909f56bfc062723c751e8b465ee728b) (PreviewImporter) -> (artifact id: '0df59e27265feebe5ca3cdec87134d00') in 0.000422958 seconds
Number of updated asset objects reloaded before import = 0Number of asset objects unloaded after import = 2

========================================================================
Received Import Request.
  Time since last request: 0.000039 seconds.
  path: Assets/Scripts/Data/paladinSupport_male_legendary.asset
  artifactKey: Guid(e7d13e0b87fd4472bb76e67abb6dacbf) Importer(815301076,1909f56bfc062723c751e8b465ee728b)
Start importing Assets/Scripts/Data/paladinSupport_male_legendary.asset using Guid(e7d13e0b87fd4472bb76e67abb6dacbf) Importer(815301076,1909f56bfc062723c751e8b465ee728b) (PreviewImporter) -> (artifact id: '877398d4e681ebdc0479aed0d9d7f4c5') in 0.000333167 seconds
Number of updated asset objects reloaded before import = 0Number of asset objects unloaded after import = 2

========================================================================
Received Import Request.
  Time since last request: 0.000069 seconds.
  path: Assets/Scripts/Data/paladinDamageSupport_male_uncommon.asset
  artifactKey: Guid(904dbac24881c4af8a87cef3040eff3e) Importer(815301076,1909f56bfc062723c751e8b465ee728b)
Start importing Assets/Scripts/Data/paladinDamageSupport_male_uncommon.asset using Guid(904dbac24881c4af8a87cef3040eff3e) Importer(815301076,1909f56bfc062723c751e8b465ee728b) (PreviewImporter) -> (artifact id: '092f024dc16da8f74b677e2a92d30705') in 0.00026625 seconds
Number of updated asset objects reloaded before import = 0Number of asset objects unloaded after import = 2

========================================================================
Received Import Request.
  Time since last request: 0.000148 seconds.
  path: Assets/Scripts/Data/paladinSupport_male_rare.asset
  artifactKey: Guid(b9c694ef509cd4adb8c6fdb8ce28e09b) Importer(815301076,1909f56bfc062723c751e8b465ee728b)
Start importing Assets/Scripts/Data/paladinSupport_male_rare.asset using Guid(b9c694ef509cd4adb8c6fdb8ce28e09b) Importer(815301076,1909f56bfc062723c751e8b465ee728b) (PreviewImporter) -> (artifact id: 'c7cadc03d25e34ad393086c99c444832') in 0.000615583 seconds
Number of updated asset objects reloaded before import = 0Number of asset objects unloaded after import = 2

========================================================================
Received Import Request.
  Time since last request: 0.000058 seconds.
  path: Assets/Scripts/Data/paladinTank_male_rare.asset
  artifactKey: Guid(5ba4987e892b74233a7ac4498f2344a4) Importer(815301076,1909f56bfc062723c751e8b465ee728b)
Start importing Assets/Scripts/Data/paladinTank_male_rare.asset using Guid(5ba4987e892b74233a7ac4498f2344a4) Importer(815301076,1909f56bfc062723c751e8b465ee728b) (PreviewImporter) -> (artifact id: '0be5bd48b8287342a8ecbf50cfcf6284') in 0.000291875 seconds
Number of updated asset objects reloaded before import = 0Number of asset objects unloaded after import = 2

========================================================================
Received Import Request.
  Time since last request: 0.000054 seconds.
  path: Assets/Scripts/Data/paladinDamageDealer_male_uncommon.asset
  artifactKey: Guid(c96e2b3ddb02f43368f983de9d32b2a8) Importer(815301076,1909f56bfc062723c751e8b465ee728b)
Start importing Assets/Scripts/Data/paladinDamageDealer_male_uncommon.asset using Guid(c96e2b3ddb02f43368f983de9d32b2a8) Importer(815301076,1909f56bfc062723c751e8b465ee728b) (PreviewImporter) -> (artifact id: '5ef44f84c10a09edf4287054fb125924') in 0.000263042 seconds
Number of updated asset objects reloaded before import = 0Number of asset objects unloaded after import = 2

========================================================================
Received Import Request.
  Time since last request: 0.000120 seconds.
  path: Assets/Scripts/Data/paladinHealer_male_legendary.asset
  artifactKey: Guid(5bc7d882160574b9b83b8e06e5bcf7c3) Importer(815301076,1909f56bfc062723c751e8b465ee728b)
Start importing Assets/Scripts/Data/paladinHealer_male_legendary.asset using Guid(5bc7d882160574b9b83b8e06e5bcf7c3) Importer(815301076,1909f56bfc062723c751e8b465ee728b) (PreviewImporter) -> (artifact id: '990dc7bd5e617e486e84fab0a1c03365') in 0.000302417 seconds
Number of updated asset objects reloaded before import = 0Number of asset objects unloaded after import = 2

========================================================================
Received Import Request.
  Time since last request: 0.000030 seconds.
  path: Assets/Scripts/Data/paladinHealer_male_uncommon.asset
  artifactKey: Guid(3a605258408f64a0da27172165d546bd) Importer(815301076,1909f56bfc062723c751e8b465ee728b)
Start importing Assets/Scripts/Data/paladinHealer_male_uncommon.asset using Guid(3a605258408f64a0da27172165d546bd) Importer(815301076,1909f56bfc062723c751e8b465ee728b) (PreviewImporter) -> (artifact id: '50e1f9f9ca43b73913d4451b9433a6b9') in 0.000228083 seconds
Number of updated asset objects reloaded before import = 0Number of asset objects unloaded after import = 2

========================================================================
Received Import Request.
  Time since last request: 305.349958 seconds.
  path: Assets/Scripts/Data/paladinDamageDealer_female_epic.asset
  artifactKey: Guid(7c8f108af9e1f4258ad1e813bfb4e58e) Importer(815301076,1909f56bfc062723c751e8b465ee728b)
Start importing Assets/Scripts/Data/paladinDamageDealer_female_epic.asset using Guid(7c8f108af9e1f4258ad1e813bfb4e58e) Importer(815301076,1909f56bfc062723c751e8b465ee728b) (PreviewImporter) -> (artifact id: '5e02bbe7c9a3bdfc10cbc1b2ce9201ee') in 0.000950375 seconds
Number of updated asset objects reloaded before import = 0Number of asset objects unloaded after import = 2

========================================================================
Received Import Request.
  Time since last request: 0.000062 seconds.
  path: Assets/Scripts/Data/paladinDamageDealer_female_uncommon.asset
  artifactKey: Guid(865e2939a930a4e9e9bfb922a7cd133a) Importer(815301076,1909f56bfc062723c751e8b465ee728b)
Start importing Assets/Scripts/Data/paladinDamageDealer_female_uncommon.asset using Guid(865e2939a930a4e9e9bfb922a7cd133a) Importer(815301076,1909f56bfc062723c751e8b465ee728b) (PreviewImporter) -> (artifact id: '1dc9463cb509e2e80cc31e38ddb82e7c') in 0.000388666 seconds
Number of updated asset objects reloaded before import = 0Number of asset objects unloaded after import = 2

========================================================================
Received Import Request.
  Time since last request: 0.000093 seconds.
  path: Assets/Scripts/Data/paladinDamageSupport_female_uncommon.asset
  artifactKey: Guid(3b1408999b5a340b69bb3b253e98c11d) Importer(815301076,1909f56bfc062723c751e8b465ee728b)
Start importing Assets/Scripts/Data/paladinDamageSupport_female_uncommon.asset using Guid(3b1408999b5a340b69bb3b253e98c11d) Importer(815301076,1909f56bfc062723c751e8b465ee728b) (PreviewImporter) -> (artifact id: 'cada342c86b346e56a069216f95f170d') in 0.00065175 seconds
Number of updated asset objects reloaded before import = 0Number of asset objects unloaded after import = 2

========================================================================
Received Import Request.
  Time since last request: 0.000245 seconds.
  path: Assets/Scripts/Data/paladinHealer_female_epic.asset
  artifactKey: Guid(8d2fb15d063d84c008374fb25cb0d6f7) Importer(815301076,1909f56bfc062723c751e8b465ee728b)
Start importing Assets/Scripts/Data/paladinHealer_female_epic.asset using Guid(8d2fb15d063d84c008374fb25cb0d6f7) Importer(815301076,1909f56bfc062723c751e8b465ee728b) (PreviewImporter) -> (artifact id: 'b36986e595f654f6d5dd1e18ad5026af') in 0.000274792 seconds
Number of updated asset objects reloaded before import = 0Number of asset objects unloaded after import = 2

========================================================================
Received Import Request.
  Time since last request: 0.000820 seconds.
  path: Assets/Scripts/Data/paladinHealer_female_uncommon.asset
  artifactKey: Guid(5c98facb9ffb24244b2e09c51f41e548) Importer(815301076,1909f56bfc062723c751e8b465ee728b)
Start importing Assets/Scripts/Data/paladinHealer_female_uncommon.asset using Guid(5c98facb9ffb24244b2e09c51f41e548) Importer(815301076,1909f56bfc062723c751e8b465ee728b) (PreviewImporter) -> (artifact id: 'ea1997dd9fd11fdae2f18ec8dc444652') in 0.000240333 seconds
Number of updated asset objects reloaded before import = 0Number of asset objects unloaded after import = 2

========================================================================
Received Import Request.
  Time since last request: 2362.934916 seconds.
  path: Assets/Scripts/Data/paladinDamageDealer_male_epic.asset
  artifactKey: Guid(afc22b8bb70374e6da4d4a01af96bff4) Importer(815301076,1909f56bfc062723c751e8b465ee728b)
Start importing Assets/Scripts/Data/paladinDamageDealer_male_epic.asset using Guid(afc22b8bb70374e6da4d4a01af96bff4) Importer(815301076,1909f56bfc062723c751e8b465ee728b) (PreviewImporter) -> (artifact id: '6edc9a545d6ae09b3857260bb6b4715b') in 0.002285708 seconds
Number of updated asset objects reloaded before import = 0Number of asset objects unloaded after import = 2

========================================================================
Received Import Request.
  Time since last request: 0.000133 seconds.
  path: Assets/Scripts/Data/paladinDamageDealer_male_legendary.asset
  artifactKey: Guid(9ccf1bc55a5c0482fbd17436f078015b) Importer(815301076,1909f56bfc062723c751e8b465ee728b)
Start importing Assets/Scripts/Data/paladinDamageDealer_male_legendary.asset using Guid(9ccf1bc55a5c0482fbd17436f078015b) Importer(815301076,1909f56bfc062723c751e8b465ee728b) (PreviewImporter) -> (artifact id: '6f56036900d9e10e1de4615c626849fa') in 0.000777459 seconds
Number of updated asset objects reloaded before import = 0Number of asset objects unloaded after import = 2

========================================================================
Received Import Request.
  Time since last request: 0.000062 seconds.
  path: Assets/Scripts/Data/paladinDamageDealer_male_rare.asset
  artifactKey: Guid(48b9c09a23fa542cd915b6431c5a9040) Importer(815301076,1909f56bfc062723c751e8b465ee728b)
Start importing Assets/Scripts/Data/paladinDamageDealer_male_rare.asset using Guid(48b9c09a23fa542cd915b6431c5a9040) Importer(815301076,1909f56bfc062723c751e8b465ee728b) (PreviewImporter) -> (artifact id: '218ae4fb2f1354b93acf56a56a65174c') in 0.000456667 seconds
Number of updated asset objects reloaded before import = 0Number of asset objects unloaded after import = 2

========================================================================
Received Import Request.
  Time since last request: 0.000030 seconds.
  path: Assets/Scripts/Data/paladinTank_male_uncommon.asset
  artifactKey: Guid(6a81d7f9ea844434d868cd32b455957d) Importer(815301076,1909f56bfc062723c751e8b465ee728b)
Start importing Assets/Scripts/Data/paladinTank_male_uncommon.asset using Guid(6a81d7f9ea844434d868cd32b455957d) Importer(815301076,1909f56bfc062723c751e8b465ee728b) (PreviewImporter) -> (artifact id: 'c55e00aa4341f77ffdad8e9091bb01ce') in 0.000898459 seconds
Number of updated asset objects reloaded before import = 0Number of asset objects unloaded after import = 2

========================================================================
Received Import Request.
  Time since last request: 0.000034 seconds.
  path: Assets/Scripts/Data/paladinSupport_male_epic.asset
  artifactKey: Guid(454d64a5d392a4d558dc0720dee99c59) Importer(815301076,1909f56bfc062723c751e8b465ee728b)
Start importing Assets/Scripts/Data/paladinSupport_male_epic.asset using Guid(454d64a5d392a4d558dc0720dee99c59) Importer(815301076,1909f56bfc062723c751e8b465ee728b) (PreviewImporter) -> (artifact id: '19a32873bfa2f4f5b35248c600e75e08') in 0.000343958 seconds
Number of updated asset objects reloaded before import = 0Number of asset objects unloaded after import = 2

========================================================================
Received Import Request.
  Time since last request: 0.000039 seconds.
  path: Assets/Scripts/Data/paladinHealer_male_common.asset
  artifactKey: Guid(e47f5390e39ad429a8a8765dc3c1016b) Importer(815301076,1909f56bfc062723c751e8b465ee728b)
Start importing Assets/Scripts/Data/paladinHealer_male_common.asset using Guid(e47f5390e39ad429a8a8765dc3c1016b) Importer(815301076,1909f56bfc062723c751e8b465ee728b) (PreviewImporter) -> (artifact id: 'fbb6611d5e3088c92c43b9ac692a3e1f') in 0.000367166 seconds
Number of updated asset objects reloaded before import = 0Number of asset objects unloaded after import = 2

========================================================================
Received Import Request.
  Time since last request: 0.000044 seconds.
  path: Assets/Scripts/Data/paladinSupport_male_legendary.asset
  artifactKey: Guid(e7d13e0b87fd4472bb76e67abb6dacbf) Importer(815301076,1909f56bfc062723c751e8b465ee728b)
Start importing Assets/Scripts/Data/paladinSupport_male_legendary.asset using Guid(e7d13e0b87fd4472bb76e67abb6dacbf) Importer(815301076,1909f56bfc062723c751e8b465ee728b) (PreviewImporter) -> (artifact id: '4c29aa719ce79dd8b7d546297cf7ad59') in 0.0003985 seconds
Number of updated asset objects reloaded before import = 0Number of asset objects unloaded after import = 2

========================================================================
Received Import Request.
  Time since last request: 0.000092 seconds.
  path: Assets/Scripts/Data/paladinSupport_male_rare.asset
  artifactKey: Guid(b9c694ef509cd4adb8c6fdb8ce28e09b) Importer(815301076,1909f56bfc062723c751e8b465ee728b)
Start importing Assets/Scripts/Data/paladinSupport_male_rare.asset using Guid(b9c694ef509cd4adb8c6fdb8ce28e09b) Importer(815301076,1909f56bfc062723c751e8b465ee728b) (PreviewImporter) -> (artifact id: 'a9a488e842ca6391a4f7b38b48ec5bde') in 0.000352333 seconds
Number of updated asset objects reloaded before import = 0Number of asset objects unloaded after import = 2

========================================================================
Received Import Request.
  Time since last request: 0.000048 seconds.
  path: Assets/Scripts/Data/paladinDamageDealer_male_uncommon.asset
  artifactKey: Guid(c96e2b3ddb02f43368f983de9d32b2a8) Importer(815301076,1909f56bfc062723c751e8b465ee728b)
Start importing Assets/Scripts/Data/paladinDamageDealer_male_uncommon.asset using Guid(c96e2b3ddb02f43368f983de9d32b2a8) Importer(815301076,1909f56bfc062723c751e8b465ee728b) (PreviewImporter) -> (artifact id: '8fa7ee6cde5fc5f1fe9e51f8090af10d') in 0.000330041 seconds
Number of updated asset objects reloaded before import = 0Number of asset objects unloaded after import = 2

========================================================================
Received Import Request.
  Time since last request: 0.000046 seconds.
  path: Assets/Scripts/Data/paladinHealer_male_legendary.asset
  artifactKey: Guid(5bc7d882160574b9b83b8e06e5bcf7c3) Importer(815301076,1909f56bfc062723c751e8b465ee728b)
Start importing Assets/Scripts/Data/paladinHealer_male_legendary.asset using Guid(5bc7d882160574b9b83b8e06e5bcf7c3) Importer(815301076,1909f56bfc062723c751e8b465ee728b) (PreviewImporter) -> (artifact id: '54ac1cafb5486048b173ca93c8f1f1b7') in 0.000339333 seconds
Number of updated asset objects reloaded before import = 0Number of asset objects unloaded after import = 2

========================================================================
Received Import Request.
  Time since last request: 318.465082 seconds.
  path: Assets/Scripts/Data/paladinDamageDealer_female_epic.asset
  artifactKey: Guid(7c8f108af9e1f4258ad1e813bfb4e58e) Importer(815301076,1909f56bfc062723c751e8b465ee728b)
Start importing Assets/Scripts/Data/paladinDamageDealer_female_epic.asset using Guid(7c8f108af9e1f4258ad1e813bfb4e58e) Importer(815301076,1909f56bfc062723c751e8b465ee728b) (PreviewImporter) -> (artifact id: '16089ad93e1ab85069d4b533d336454a') in 0.001188875 seconds
Number of updated asset objects reloaded before import = 0Number of asset objects unloaded after import = 2

========================================================================
Received Import Request.
  Time since last request: 0.000111 seconds.
  path: Assets/Scripts/Data/paladinHealer_female_uncommon.asset
  artifactKey: Guid(5c98facb9ffb24244b2e09c51f41e548) Importer(815301076,1909f56bfc062723c751e8b465ee728b)
Start importing Assets/Scripts/Data/paladinHealer_female_uncommon.asset using Guid(5c98facb9ffb24244b2e09c51f41e548) Importer(815301076,1909f56bfc062723c751e8b465ee728b) (PreviewImporter) -> (artifact id: '4c544a579be27b7a51394510c52a8a06') in 0.000619875 seconds
Number of updated asset objects reloaded before import = 0Number of asset objects unloaded after import = 2

========================================================================
Received Import Request.
  Time since last request: 0.000066 seconds.
  path: Assets/Scripts/Data/paladinTank_female_epic.asset
  artifactKey: Guid(f7fcd59eaf71e4f40b41e1144609c970) Importer(815301076,1909f56bfc062723c751e8b465ee728b)
Start importing Assets/Scripts/Data/paladinTank_female_epic.asset using Guid(f7fcd59eaf71e4f40b41e1144609c970) Importer(815301076,1909f56bfc062723c751e8b465ee728b) (PreviewImporter) -> (artifact id: '4c497956bea00c0ce4fa51bd19e948b8') in 0.000599209 seconds
Number of updated asset objects reloaded before import = 0Number of asset objects unloaded after import = 2

========================================================================
Received Import Request.
  Time since last request: 0.000038 seconds.
  path: Assets/Scripts/Data/paladinSupport_female_legendary.asset
  artifactKey: Guid(21c736cda60d447e08332f481b890adc) Importer(815301076,1909f56bfc062723c751e8b465ee728b)
Start importing Assets/Scripts/Data/paladinSupport_female_legendary.asset using Guid(21c736cda60d447e08332f481b890adc) Importer(815301076,1909f56bfc062723c751e8b465ee728b) (PreviewImporter) -> (artifact id: '0295010a843b8504d6d7660c1bcf7368') in 0.000404084 seconds
Number of updated asset objects reloaded before import = 0Number of asset objects unloaded after import = 2

========================================================================
Received Import Request.
  Time since last request: 0.000088 seconds.
  path: Assets/Scripts/Data/paladinHealer_female_epic.asset
  artifactKey: Guid(8d2fb15d063d84c008374fb25cb0d6f7) Importer(815301076,1909f56bfc062723c751e8b465ee728b)
Start importing Assets/Scripts/Data/paladinHealer_female_epic.asset using Guid(8d2fb15d063d84c008374fb25cb0d6f7) Importer(815301076,1909f56bfc062723c751e8b465ee728b) (PreviewImporter) -> (artifact id: '3b660e79faa6891198e2af4a7458489b') in 0.000479584 seconds
Number of updated asset objects reloaded before import = 0Number of asset objects unloaded after import = 2

========================================================================
Received Import Request.
  Time since last request: 0.000032 seconds.
  path: Assets/Scripts/Data/paladinSupport_female_uncommon.asset
  artifactKey: Guid(3b1408999b5a340b69bb3b253e98c11d) Importer(815301076,1909f56bfc062723c751e8b465ee728b)
Start importing Assets/Scripts/Data/paladinSupport_female_uncommon.asset using Guid(3b1408999b5a340b69bb3b253e98c11d) Importer(815301076,1909f56bfc062723c751e8b465ee728b) (PreviewImporter) -> (artifact id: '60bb9ca82515aed6ca5ab856247c0f56') in 0.000526875 seconds
Number of updated asset objects reloaded before import = 0Number of asset objects unloaded after import = 2

========================================================================
Received Import Request.
  Time since last request: 0.000019 seconds.
  path: Assets/Scripts/Data/paladinHealer_female_rare.asset
  artifactKey: Guid(1f7b134af985c49188bb8f7c2bd45a29) Importer(815301076,1909f56bfc062723c751e8b465ee728b)
Start importing Assets/Scripts/Data/paladinHealer_female_rare.asset using Guid(1f7b134af985c49188bb8f7c2bd45a29) Importer(815301076,1909f56bfc062723c751e8b465ee728b) (PreviewImporter) -> (artifact id: '7244e82ea6b4108b434978ffde5f6fde') in 0.000465833 seconds
Number of updated asset objects reloaded before import = 0Number of asset objects unloaded after import = 2

========================================================================
Received Import Request.
  Time since last request: 0.000100 seconds.
  path: Assets/Scripts/Data/paladinDamageDealer_female_legendary.asset
  artifactKey: Guid(f52a977b02ade4cb38c78df5b0bcae2b) Importer(815301076,1909f56bfc062723c751e8b465ee728b)
Start importing Assets/Scripts/Data/paladinDamageDealer_female_legendary.asset using Guid(f52a977b02ade4cb38c78df5b0bcae2b) Importer(815301076,1909f56bfc062723c751e8b465ee728b) (PreviewImporter) -> (artifact id: 'bd743edff4175cb8f1477f56b1e10b97') in 0.000435791 seconds
Number of updated asset objects reloaded before import = 0Number of asset objects unloaded after import = 2

========================================================================
Received Import Request.
  Time since last request: 0.000037 seconds.
  path: Assets/Scripts/Data/paladinHealer_female_legendary.asset
  artifactKey: Guid(bb05fb201d5c442b0acfcc73a6afcd7a) Importer(815301076,1909f56bfc062723c751e8b465ee728b)
Start importing Assets/Scripts/Data/paladinHealer_female_legendary.asset using Guid(bb05fb201d5c442b0acfcc73a6afcd7a) Importer(815301076,1909f56bfc062723c751e8b465ee728b) (PreviewImporter) -> (artifact id: '22eb978646bc164ccd926818709c3237') in 0.000399916 seconds
Number of updated asset objects reloaded before import = 0Number of asset objects unloaded after import = 2

========================================================================
Received Import Request.
  Time since last request: 0.000101 seconds.
  path: Assets/Scripts/Data/paladinSupport_female_epic.asset
  artifactKey: Guid(105c61595c1e24c169b35c418f562363) Importer(815301076,1909f56bfc062723c751e8b465ee728b)
Start importing Assets/Scripts/Data/paladinSupport_female_epic.asset using Guid(105c61595c1e24c169b35c418f562363) Importer(815301076,1909f56bfc062723c751e8b465ee728b) (PreviewImporter) -> (artifact id: '83e2eb6c5d08afff1e08058b4a7d7fa5') in 0.000408916 seconds
Number of updated asset objects reloaded before import = 0Number of asset objects unloaded after import = 2

========================================================================
Received Import Request.
  Time since last request: 1498.472726 seconds.
  path: Packages/com.unity.purchasing/Editor/ServiceProjectSettings/UI/UXML/CatalogEditor.uxml
  artifactKey: Guid(272fc8157ba0fdf4a97aac7ba51e3c74) Importer(815301076,1909f56bfc062723c751e8b465ee728b)
Start importing Packages/com.unity.purchasing/Editor/ServiceProjectSettings/UI/UXML/CatalogEditor.uxml using Guid(272fc8157ba0fdf4a97aac7ba51e3c74) Importer(815301076,1909f56bfc062723c751e8b465ee728b) (PreviewImporter) -> (artifact id: '3e07dcd083d6332dcc6a6c9e0a2f785f') in 0.0311265 seconds
Number of updated asset objects reloaded before import = 0Number of asset objects unloaded after import = 2

========================================================================
Received Import Request.
  Time since last request: 107.406885 seconds.
  path: Assets/UI Toolkit/Main Screen.uxml
  artifactKey: Guid(eab2e83df2bc540df9a62b4eabb5ea0a) Importer(815301076,1909f56bfc062723c751e8b465ee728b)
Start importing Assets/UI Toolkit/Main Screen.uxml using Guid(eab2e83df2bc540df9a62b4eabb5ea0a) Importer(815301076,1909f56bfc062723c751e8b465ee728b) (PreviewImporter) -> (artifact id: '202cd8776a6b8b8a8af3c51d10da1342') in 0.003976084 seconds
Number of updated asset objects reloaded before import = 0Number of asset objects unloaded after import = 3

========================================================================
Received Import Request.
  Time since last request: 4798.692683 seconds.
  path: Assets/UI Toolkit/Credits.uxml
  artifactKey: Guid(3898a923cdfed45ba9f3d1f4883a3cf6) Importer(815301076,1909f56bfc062723c751e8b465ee728b)
Start importing Assets/UI Toolkit/Credits.uxml using Guid(3898a923cdfed45ba9f3d1f4883a3cf6) Importer(815301076,1909f56bfc062723c751e8b465ee728b) (PreviewImporter) -> (artifact id: '5dee621abc36784d2fb002f56819d7dd') in 0.003597334 seconds
Number of updated asset objects reloaded before import = 0Number of asset objects unloaded after import = 3

========================================================================
Received Import Request.
  Time since last request: 0.000040 seconds.
  path: Assets/UI Toolkit/Summoning.uxml
  artifactKey: Guid(79b733395d88b416caaf19bc62376ac1) Importer(815301076,1909f56bfc062723c751e8b465ee728b)
Start importing Assets/UI Toolkit/Summoning.uxml using Guid(79b733395d88b416caaf19bc62376ac1) Importer(815301076,1909f56bfc062723c751e8b465ee728b) (PreviewImporter) -> (artifact id: '460db4fb9d4e19a89f44e4f72387db33') in 0.000587792 seconds
Number of updated asset objects reloaded before import = 0Number of asset objects unloaded after import = 3

========================================================================
Received Import Request.
  Time since last request: 0.000046 seconds.
  path: Assets/UI Toolkit/TeamSelection.uxml
  artifactKey: Guid(a540bd7d9b1b2439ab2d5d2d8b549a87) Importer(815301076,1909f56bfc062723c751e8b465ee728b)
Start importing Assets/UI Toolkit/TeamSelection.uxml using Guid(a540bd7d9b1b2439ab2d5d2d8b549a87) Importer(815301076,1909f56bfc062723c751e8b465ee728b) (PreviewImporter) -> (artifact id: '13227e9c3e24d40b3d9a0bc5c3a9187d') in 0.000701 seconds
Number of updated asset objects reloaded before import = 0Number of asset objects unloaded after import = 3

========================================================================
Received Import Request.
  Time since last request: 0.000079 seconds.
  path: Assets/UI Toolkit/HeroCatalog.uxml
  artifactKey: Guid(a7022e4a4282e420d8da4f2f1ad4ba2f) Importer(815301076,1909f56bfc062723c751e8b465ee728b)
Start importing Assets/UI Toolkit/HeroCatalog.uxml using Guid(a7022e4a4282e420d8da4f2f1ad4ba2f) Importer(815301076,1909f56bfc062723c751e8b465ee728b) (PreviewImporter) -> (artifact id: 'bffb246d42aa38aeac3f7bf7e34f3cb8') in 0.000554375 seconds
Number of updated asset objects reloaded before import = 0Number of asset objects unloaded after import = 3

========================================================================
Received Import Request.
  Time since last request: 0.000052 seconds.
  path: Assets/UI Toolkit/Settings.uxml
  artifactKey: Guid(849e02245010c41669b180f3aa926b9c) Importer(815301076,1909f56bfc062723c751e8b465ee728b)
Start importing Assets/UI Toolkit/Settings.uxml using Guid(849e02245010c41669b180f3aa926b9c) Importer(815301076,1909f56bfc062723c751e8b465ee728b) (PreviewImporter) -> (artifact id: 'aece8ed9931f45b74722d96b133c0633') in 0.000484834 seconds
Number of updated asset objects reloaded before import = 0Number of asset objects unloaded after import = 3

========================================================================
Received Import Request.
  Time since last request: 0.000073 seconds.
  path: Assets/UI Toolkit/WorldMap.uxml
  artifactKey: Guid(e7bd1d2d8e5de4b0392f2035829dc02a) Importer(815301076,1909f56bfc062723c751e8b465ee728b)
Start importing Assets/UI Toolkit/WorldMap.uxml using Guid(e7bd1d2d8e5de4b0392f2035829dc02a) Importer(815301076,1909f56bfc062723c751e8b465ee728b) (PreviewImporter) -> (artifact id: 'b2ee0b9da7deaf30100abe6ebe0798d6') in 0.0005645 seconds
Number of updated asset objects reloaded before import = 0Number of asset objects unloaded after import = 3

========================================================================
Received Import Request.
  Time since last request: 0.000063 seconds.
  path: Assets/UI Toolkit/ExitQuitPage.uxml
  artifactKey: Guid(4720e6bc4cc5f46adbc7dac5d09cd0ac) Importer(815301076,1909f56bfc062723c751e8b465ee728b)
Start importing Assets/UI Toolkit/ExitQuitPage.uxml using Guid(4720e6bc4cc5f46adbc7dac5d09cd0ac) Importer(815301076,1909f56bfc062723c751e8b465ee728b) (PreviewImporter) -> (artifact id: '651fef2190215a579487d2c6afbdb8e0') in 0.000506083 seconds
Number of updated asset objects reloaded before import = 0Number of asset objects unloaded after import = 3

========================================================================
Received Import Request.
  Time since last request: 0.000112 seconds.
  path: Assets/UI Toolkit/VictoryDefeatScreen.uxml
  artifactKey: Guid(daab9aefd512f41a9a924f3dfcfb1343) Importer(815301076,1909f56bfc062723c751e8b465ee728b)
Start importing Assets/UI Toolkit/VictoryDefeatScreen.uxml using Guid(daab9aefd512f41a9a924f3dfcfb1343) Importer(815301076,1909f56bfc062723c751e8b465ee728b) (PreviewImporter) -> (artifact id: '97c2d7e8784f48d38ee053b8f91a52f9') in 0.000538125 seconds
Number of updated asset objects reloaded before import = 0Number of asset objects unloaded after import = 3

========================================================================
Received Import Request.
  Time since last request: 171.343672 seconds.
  path: Assets/UI Toolkit/Credits.uxml
  artifactKey: Guid(3898a923cdfed45ba9f3d1f4883a3cf6) Importer(815301076,1909f56bfc062723c751e8b465ee728b)
Start importing Assets/UI Toolkit/Credits.uxml using Guid(3898a923cdfed45ba9f3d1f4883a3cf6) Importer(815301076,1909f56bfc062723c751e8b465ee728b) (PreviewImporter) -> (artifact id: '9de005f6d77abaa7e6521ae4807bbdbd') in 0.001018 seconds
Number of updated asset objects reloaded before import = 0Number of asset objects unloaded after import = 3

========================================================================
Received Import Request.
  Time since last request: 0.000051 seconds.
  path: Assets/UI Toolkit/LoginAccount.uxml
  artifactKey: Guid(3f1f126149af744d18e43c06442dfbdc) Importer(815301076,1909f56bfc062723c751e8b465ee728b)
Start importing Assets/UI Toolkit/LoginAccount.uxml using Guid(3f1f126149af744d18e43c06442dfbdc) Importer(815301076,1909f56bfc062723c751e8b465ee728b) (PreviewImporter) -> (artifact id: 'efb4605b0265f4d9ac3d55821befc1b9') in 0.000700875 seconds
Number of updated asset objects reloaded before import = 0Number of asset objects unloaded after import = 3

========================================================================
Received Import Request.
  Time since last request: 0.000069 seconds.
  path: Assets/UI Toolkit/TeamSelection.uxml
  artifactKey: Guid(a540bd7d9b1b2439ab2d5d2d8b549a87) Importer(815301076,1909f56bfc062723c751e8b465ee728b)
Start importing Assets/UI Toolkit/TeamSelection.uxml using Guid(a540bd7d9b1b2439ab2d5d2d8b549a87) Importer(815301076,1909f56bfc062723c751e8b465ee728b) (PreviewImporter) -> (artifact id: 'c303abfc68a4dfc0272fadc7a9be62da') in 0.000680208 seconds
Number of updated asset objects reloaded before import = 0Number of asset objects unloaded after import = 3

========================================================================
Received Import Request.
  Time since last request: 0.000055 seconds.
  path: Assets/UI Toolkit/HeroCatalog.uxml
  artifactKey: Guid(a7022e4a4282e420d8da4f2f1ad4ba2f) Importer(815301076,1909f56bfc062723c751e8b465ee728b)
Start importing Assets/UI Toolkit/HeroCatalog.uxml using Guid(a7022e4a4282e420d8da4f2f1ad4ba2f) Importer(815301076,1909f56bfc062723c751e8b465ee728b) (PreviewImporter) -> (artifact id: 'fac6f3877f687a8ebe741db292fc85aa') in 0.000588792 seconds
Number of updated asset objects reloaded before import = 0Number of asset objects unloaded after import = 3

========================================================================
Received Import Request.
  Time since last request: 0.000036 seconds.
  path: Assets/UI Toolkit/Settings.uxml
  artifactKey: Guid(849e02245010c41669b180f3aa926b9c) Importer(815301076,1909f56bfc062723c751e8b465ee728b)
Start importing Assets/UI Toolkit/Settings.uxml using Guid(849e02245010c41669b180f3aa926b9c) Importer(815301076,1909f56bfc062723c751e8b465ee728b) (PreviewImporter) -> (artifact id: '8f7de59f7861f1b7799d96ee716eff70') in 0.000528291 seconds
Number of updated asset objects reloaded before import = 0Number of asset objects unloaded after import = 3

========================================================================
Received Import Request.
  Time since last request: 0.000078 seconds.
  path: Assets/UI Toolkit/WorldMap.uxml
  artifactKey: Guid(e7bd1d2d8e5de4b0392f2035829dc02a) Importer(815301076,1909f56bfc062723c751e8b465ee728b)
Start importing Assets/UI Toolkit/WorldMap.uxml using Guid(e7bd1d2d8e5de4b0392f2035829dc02a) Importer(815301076,1909f56bfc062723c751e8b465ee728b) (PreviewImporter) -> (artifact id: '8e9029d5f7e807305940f0ac235647c3') in 0.000527583 seconds
Number of updated asset objects reloaded before import = 0Number of asset objects unloaded after import = 3

========================================================================
Received Import Request.
  Time since last request: 0.000104 seconds.
  path: Assets/UI Toolkit/ExitQuitPage.uxml
  artifactKey: Guid(4720e6bc4cc5f46adbc7dac5d09cd0ac) Importer(815301076,1909f56bfc062723c751e8b465ee728b)
Start importing Assets/UI Toolkit/ExitQuitPage.uxml using Guid(4720e6bc4cc5f46adbc7dac5d09cd0ac) Importer(815301076,1909f56bfc062723c751e8b465ee728b) (PreviewImporter) -> (artifact id: 'f2ce48124e29ffeb799b75565120199f') in 0.000870417 seconds
Number of updated asset objects reloaded before import = 0Number of asset objects unloaded after import = 3

========================================================================
Received Import Request.
  Time since last request: 0.000072 seconds.
  path: Assets/UI Toolkit/HeroProfile.uxml
  artifactKey: Guid(36ff552ee62f94ee7a09dcfb0c0f4675) Importer(815301076,1909f56bfc062723c751e8b465ee728b)
Start importing Assets/UI Toolkit/HeroProfile.uxml using Guid(36ff552ee62f94ee7a09dcfb0c0f4675) Importer(815301076,1909f56bfc062723c751e8b465ee728b) (PreviewImporter) -> (artifact id: 'a5534e5b4351f1c4c87a55af7261970a') in 0.000718708 seconds
Number of updated asset objects reloaded before import = 0Number of asset objects unloaded after import = 3

========================================================================
Received Import Request.
  Time since last request: 754.833578 seconds.
  path: Assets/UI Toolkit/SiteWideStyle.uss
  artifactKey: Guid(cedbededc0dd04939a5b5c0e709bcb6c) Importer(815301076,1909f56bfc062723c751e8b465ee728b)
Start importing Assets/UI Toolkit/SiteWideStyle.uss using Guid(cedbededc0dd04939a5b5c0e709bcb6c) Importer(815301076,1909f56bfc062723c751e8b465ee728b) (PreviewImporter) -> (artifact id: '5e1ca22c0f6e6e0c48cdf6600c69361a') in 0.001128042 seconds
Number of updated asset objects reloaded before import = 0Number of asset objects unloaded after import = 1

========================================================================
Received Import Request.
  Time since last request: 213.012757 seconds.
  path: Assets/UI Toolkit/Credits.uxml
  artifactKey: Guid(3898a923cdfed45ba9f3d1f4883a3cf6) Importer(815301076,1909f56bfc062723c751e8b465ee728b)
Start importing Assets/UI Toolkit/Credits.uxml using Guid(3898a923cdfed45ba9f3d1f4883a3cf6) Importer(815301076,1909f56bfc062723c751e8b465ee728b) (PreviewImporter) -> (artifact id: 'c0a12981526d8eec1694398dd0c47a7e') in 0.000879875 seconds
Number of updated asset objects reloaded before import = 0Number of asset objects unloaded after import = 3

========================================================================
Received Import Request.
  Time since last request: 0.000069 seconds.
  path: Assets/UI Toolkit/Main Screen.uss
  artifactKey: Guid(ea091580d1675426ca15f53af2106072) Importer(815301076,1909f56bfc062723c751e8b465ee728b)
Start importing Assets/UI Toolkit/Main Screen.uss using Guid(ea091580d1675426ca15f53af2106072) Importer(815301076,1909f56bfc062723c751e8b465ee728b) (PreviewImporter) -> (artifact id: '332cb88420428bfa55a1e6bef0b359d9') in 0.000601541 seconds
Number of updated asset objects reloaded before import = 0Number of asset objects unloaded after import = 1

========================================================================
Received Import Request.
  Time since last request: 0.000118 seconds.
  path: Assets/UI Toolkit/TeamSelection.uxml
  artifactKey: Guid(a540bd7d9b1b2439ab2d5d2d8b549a87) Importer(815301076,1909f56bfc062723c751e8b465ee728b)
Start importing Assets/UI Toolkit/TeamSelection.uxml using Guid(a540bd7d9b1b2439ab2d5d2d8b549a87) Importer(815301076,1909f56bfc062723c751e8b465ee728b) (PreviewImporter) -> (artifact id: '3c3a8ba706ffbbc9c869e20ed90da7dd') in 0.0006535 seconds
Number of updated asset objects reloaded before import = 0Number of asset objects unloaded after import = 3

========================================================================
Received Import Request.
  Time since last request: 0.000067 seconds.
  path: Assets/UI Toolkit/HeroCatalog.uxml
  artifactKey: Guid(a7022e4a4282e420d8da4f2f1ad4ba2f) Importer(815301076,1909f56bfc062723c751e8b465ee728b)
Start importing Assets/UI Toolkit/HeroCatalog.uxml using Guid(a7022e4a4282e420d8da4f2f1ad4ba2f) Importer(815301076,1909f56bfc062723c751e8b465ee728b) (PreviewImporter) -> (artifact id: 'f17529cf988176d54fdf413373c7137f') in 0.000672791 seconds
Number of updated asset objects reloaded before import = 0Number of asset objects unloaded after import = 3

========================================================================
Received Import Request.
  Time since last request: 0.000125 seconds.
  path: Assets/UI Toolkit/Leaderboards.uxml
  artifactKey: Guid(dca3962c3f93f408e9f0ceabcda19160) Importer(815301076,1909f56bfc062723c751e8b465ee728b)
Start importing Assets/UI Toolkit/Leaderboards.uxml using Guid(dca3962c3f93f408e9f0ceabcda19160) Importer(815301076,1909f56bfc062723c751e8b465ee728b) (PreviewImporter) -> (artifact id: 'ede1c322191cee11758f8cadd2020527') in 0.000744292 seconds
Number of updated asset objects reloaded before import = 0Number of asset objects unloaded after import = 3

========================================================================
Received Import Request.
  Time since last request: 0.000045 seconds.
  path: Assets/UI Toolkit/Settings.uxml
  artifactKey: Guid(849e02245010c41669b180f3aa926b9c) Importer(815301076,1909f56bfc062723c751e8b465ee728b)
Start importing Assets/UI Toolkit/Settings.uxml using Guid(849e02245010c41669b180f3aa926b9c) Importer(815301076,1909f56bfc062723c751e8b465ee728b) (PreviewImporter) -> (artifact id: '0b8bff1fff605766db2487a29d257d5e') in 0.000543333 seconds
Number of updated asset objects reloaded before import = 0Number of asset objects unloaded after import = 3

========================================================================
Received Import Request.
  Time since last request: 0.000075 seconds.
  path: Assets/UI Toolkit/WorldMap.uxml
  artifactKey: Guid(e7bd1d2d8e5de4b0392f2035829dc02a) Importer(815301076,1909f56bfc062723c751e8b465ee728b)
Start importing Assets/UI Toolkit/WorldMap.uxml using Guid(e7bd1d2d8e5de4b0392f2035829dc02a) Importer(815301076,1909f56bfc062723c751e8b465ee728b) (PreviewImporter) -> (artifact id: '1759eae1293cb5b4da15d513063becf7') in 0.000516083 seconds
Number of updated asset objects reloaded before import = 0Number of asset objects unloaded after import = 3

========================================================================
Received Import Request.
  Time since last request: 0.000063 seconds.
  path: Assets/UI Toolkit/ShopGallery.uxml
  artifactKey: Guid(8d57f9a2f651d4837b3cd2c0b55fee19) Importer(815301076,1909f56bfc062723c751e8b465ee728b)
Start importing Assets/UI Toolkit/ShopGallery.uxml using Guid(8d57f9a2f651d4837b3cd2c0b55fee19) Importer(815301076,1909f56bfc062723c751e8b465ee728b) (PreviewImporter) -> (artifact id: '976a484d40ebf47968dd12f55cff377b') in 0.001953333 seconds
Number of updated asset objects reloaded before import = 0Number of asset objects unloaded after import = 3

========================================================================
Received Import Request.
  Time since last request: 26.687994 seconds.
  path: Assets/UI Toolkit/Credits.uxml
  artifactKey: Guid(3898a923cdfed45ba9f3d1f4883a3cf6) Importer(815301076,1909f56bfc062723c751e8b465ee728b)
Start importing Assets/UI Toolkit/Credits.uxml using Guid(3898a923cdfed45ba9f3d1f4883a3cf6) Importer(815301076,1909f56bfc062723c751e8b465ee728b) (PreviewImporter) -> (artifact id: '4914221219afc257ac40b19a397a9be2') in 0.000996958 seconds
Number of updated asset objects reloaded before import = 0Number of asset objects unloaded after import = 3

========================================================================
Received Import Request.
  Time since last request: 0.000108 seconds.
  path: Assets/UI Toolkit/LoginAccount.uxml
  artifactKey: Guid(3f1f126149af744d18e43c06442dfbdc) Importer(815301076,1909f56bfc062723c751e8b465ee728b)
Start importing Assets/UI Toolkit/LoginAccount.uxml using Guid(3f1f126149af744d18e43c06442dfbdc) Importer(815301076,1909f56bfc062723c751e8b465ee728b) (PreviewImporter) -> (artifact id: 'f86f693c1b67b4109354899679226b2f') in 0.000729542 seconds
Number of updated asset objects reloaded before import = 0Number of asset objects unloaded after import = 3

========================================================================
Received Import Request.
  Time since last request: 0.000084 seconds.
  path: Assets/UI Toolkit/TeamSelection.uxml
  artifactKey: Guid(a540bd7d9b1b2439ab2d5d2d8b549a87) Importer(815301076,1909f56bfc062723c751e8b465ee728b)
Start importing Assets/UI Toolkit/TeamSelection.uxml using Guid(a540bd7d9b1b2439ab2d5d2d8b549a87) Importer(815301076,1909f56bfc062723c751e8b465ee728b) (PreviewImporter) -> (artifact id: '6bd6e288bad424a96efb8469be28166f') in 0.000587084 seconds
Number of updated asset objects reloaded before import = 0Number of asset objects unloaded after import = 3

========================================================================
Received Import Request.
  Time since last request: 0.000058 seconds.
  path: Assets/UI Toolkit/HeroCatalog.uxml
  artifactKey: Guid(a7022e4a4282e420d8da4f2f1ad4ba2f) Importer(815301076,1909f56bfc062723c751e8b465ee728b)
Start importing Assets/UI Toolkit/HeroCatalog.uxml using Guid(a7022e4a4282e420d8da4f2f1ad4ba2f) Importer(815301076,1909f56bfc062723c751e8b465ee728b) (PreviewImporter) -> (artifact id: 'd97b6e28932c154d43d2d943eadb17f3') in 0.000591583 seconds
Number of updated asset objects reloaded before import = 0Number of asset objects unloaded after import = 3

========================================================================
Received Import Request.
  Time since last request: 0.000061 seconds.
  path: Assets/UI Toolkit/Leaderboards.uxml
  artifactKey: Guid(dca3962c3f93f408e9f0ceabcda19160) Importer(815301076,1909f56bfc062723c751e8b465ee728b)
Start importing Assets/UI Toolkit/Leaderboards.uxml using Guid(dca3962c3f93f408e9f0ceabcda19160) Importer(815301076,1909f56bfc062723c751e8b465ee728b) (PreviewImporter) -> (artifact id: 'faed9f71960c3f3f3d81ff7c67193c8b') in 0.000559042 seconds
Number of updated asset objects reloaded before import = 0Number of asset objects unloaded after import = 3

========================================================================
Received Import Request.
  Time since last request: 0.000105 seconds.
  path: Assets/UI Toolkit/PvPLobby.uxml
  artifactKey: Guid(a2fb9a6dc86694425ade6c123b36423e) Importer(815301076,1909f56bfc062723c751e8b465ee728b)
Start importing Assets/UI Toolkit/PvPLobby.uxml using Guid(a2fb9a6dc86694425ade6c123b36423e) Importer(815301076,1909f56bfc062723c751e8b465ee728b) (PreviewImporter) -> (artifact id: '6b9445861308c5ba372ef7c6800e3d51') in 0.000513709 seconds
Number of updated asset objects reloaded before import = 0Number of asset objects unloaded after import = 3

========================================================================
Received Import Request.
  Time since last request: 0.000059 seconds.
  path: Assets/UI Toolkit/ExitQuitPage.uxml
  artifactKey: Guid(4720e6bc4cc5f46adbc7dac5d09cd0ac) Importer(815301076,1909f56bfc062723c751e8b465ee728b)
Start importing Assets/UI Toolkit/ExitQuitPage.uxml using Guid(4720e6bc4cc5f46adbc7dac5d09cd0ac) Importer(815301076,1909f56bfc062723c751e8b465ee728b) (PreviewImporter) -> (artifact id: 'd1f8296d19f52fd6522a860453061ca6') in 0.000502375 seconds
Number of updated asset objects reloaded before import = 0Number of asset objects unloaded after import = 3

========================================================================
Received Import Request.
  Time since last request: 0.000089 seconds.
  path: Assets/UI Toolkit/VictoryDefeatScreen.uxml
  artifactKey: Guid(daab9aefd512f41a9a924f3dfcfb1343) Importer(815301076,1909f56bfc062723c751e8b465ee728b)
Start importing Assets/UI Toolkit/VictoryDefeatScreen.uxml using Guid(daab9aefd512f41a9a924f3dfcfb1343) Importer(815301076,1909f56bfc062723c751e8b465ee728b) (PreviewImporter) -> (artifact id: '086e798206f3dfb2074ea319898f2573') in 0.00056825 seconds
Number of updated asset objects reloaded before import = 0Number of asset objects unloaded after import = 3

========================================================================
Received Import Request.
  Time since last request: 11.120100 seconds.
  path: Assets/UI Toolkit/Credits.uxml
  artifactKey: Guid(3898a923cdfed45ba9f3d1f4883a3cf6) Importer(815301076,1909f56bfc062723c751e8b465ee728b)
Start importing Assets/UI Toolkit/Credits.uxml using Guid(3898a923cdfed45ba9f3d1f4883a3cf6) Importer(815301076,1909f56bfc062723c751e8b465ee728b) (PreviewImporter) -> (artifact id: '60509709fc7d8a9ee27046f3b7ecb940') in 0.000962709 seconds
Number of updated asset objects reloaded before import = 0Number of asset objects unloaded after import = 3

========================================================================
Received Import Request.
  Time since last request: 0.000043 seconds.
  path: Assets/UI Toolkit/Main Screen.uss
  artifactKey: Guid(ea091580d1675426ca15f53af2106072) Importer(815301076,1909f56bfc062723c751e8b465ee728b)
Start importing Assets/UI Toolkit/Main Screen.uss using Guid(ea091580d1675426ca15f53af2106072) Importer(815301076,1909f56bfc062723c751e8b465ee728b) (PreviewImporter) -> (artifact id: 'e27fe4874787b777bb55e299f850a59a') in 0.000388833 seconds
Number of updated asset objects reloaded before import = 0Number of asset objects unloaded after import = 1

========================================================================
Received Import Request.
  Time since last request: 0.000084 seconds.
  path: Assets/UI Toolkit/Summoning.uxml
  artifactKey: Guid(79b733395d88b416caaf19bc62376ac1) Importer(815301076,1909f56bfc062723c751e8b465ee728b)
Start importing Assets/UI Toolkit/Summoning.uxml using Guid(79b733395d88b416caaf19bc62376ac1) Importer(815301076,1909f56bfc062723c751e8b465ee728b) (PreviewImporter) -> (artifact id: '2d1146f87f1afcd2cf9cae15ba38168e') in 0.000623875 seconds
Number of updated asset objects reloaded before import = 0Number of asset objects unloaded after import = 3

========================================================================
Received Import Request.
  Time since last request: 0.000063 seconds.
  path: Assets/UI Toolkit/Main Screen.uxml
  artifactKey: Guid(eab2e83df2bc540df9a62b4eabb5ea0a) Importer(815301076,1909f56bfc062723c751e8b465ee728b)
Start importing Assets/UI Toolkit/Main Screen.uxml using Guid(eab2e83df2bc540df9a62b4eabb5ea0a) Importer(815301076,1909f56bfc062723c751e8b465ee728b) (PreviewImporter) -> (artifact id: '19b022f0853e1731947835d9c5d650f6') in 0.000889125 seconds
Number of updated asset objects reloaded before import = 0Number of asset objects unloaded after import = 4

========================================================================
Received Import Request.
  Time since last request: 0.000038 seconds.
  path: Assets/UI Toolkit/Leaderboards.uxml
  artifactKey: Guid(dca3962c3f93f408e9f0ceabcda19160) Importer(815301076,1909f56bfc062723c751e8b465ee728b)
Start importing Assets/UI Toolkit/Leaderboards.uxml using Guid(dca3962c3f93f408e9f0ceabcda19160) Importer(815301076,1909f56bfc062723c751e8b465ee728b) (PreviewImporter) -> (artifact id: '5773ce0a07226b80bb3eeae9d4a2c5aa') in 0.0005975 seconds
Number of updated asset objects reloaded before import = 0Number of asset objects unloaded after import = 3

========================================================================
Received Import Request.
  Time since last request: 0.000092 seconds.
  path: Assets/UI Toolkit/PvPLobby.uxml
  artifactKey: Guid(a2fb9a6dc86694425ade6c123b36423e) Importer(815301076,1909f56bfc062723c751e8b465ee728b)
Start importing Assets/UI Toolkit/PvPLobby.uxml using Guid(a2fb9a6dc86694425ade6c123b36423e) Importer(815301076,1909f56bfc062723c751e8b465ee728b) (PreviewImporter) -> (artifact id: '97cf7bb4e324f0872ed7191b71ebdc6d') in 0.000525166 seconds
Number of updated asset objects reloaded before import = 0Number of asset objects unloaded after import = 3

========================================================================
Received Import Request.
  Time since last request: 0.000079 seconds.
  path: Assets/UI Toolkit/ExitQuitPage.uxml
  artifactKey: Guid(4720e6bc4cc5f46adbc7dac5d09cd0ac) Importer(815301076,1909f56bfc062723c751e8b465ee728b)
Start importing Assets/UI Toolkit/ExitQuitPage.uxml using Guid(4720e6bc4cc5f46adbc7dac5d09cd0ac) Importer(815301076,1909f56bfc062723c751e8b465ee728b) (PreviewImporter) -> (artifact id: 'a0233e135a4c9b5bc1367f1fbdb1e551') in 0.000558042 seconds
Number of updated asset objects reloaded before import = 0Number of asset objects unloaded after import = 3

========================================================================
Received Import Request.
  Time since last request: 0.000077 seconds.
  path: Assets/UI Toolkit/HeroProfile.uxml
  artifactKey: Guid(36ff552ee62f94ee7a09dcfb0c0f4675) Importer(815301076,1909f56bfc062723c751e8b465ee728b)
Start importing Assets/UI Toolkit/HeroProfile.uxml using Guid(36ff552ee62f94ee7a09dcfb0c0f4675) Importer(815301076,1909f56bfc062723c751e8b465ee728b) (PreviewImporter) -> (artifact id: '97f01a13ab1f599dd082cdbd838249c6') in 0.000602167 seconds
Number of updated asset objects reloaded before import = 0Number of asset objects unloaded after import = 3

========================================================================
Received Import Request.
  Time since last request: 60.247722 seconds.
  path: Assets/UI Toolkit/Credits.uxml
  artifactKey: Guid(3898a923cdfed45ba9f3d1f4883a3cf6) Importer(815301076,1909f56bfc062723c751e8b465ee728b)
Start importing Assets/UI Toolkit/Credits.uxml using Guid(3898a923cdfed45ba9f3d1f4883a3cf6) Importer(815301076,1909f56bfc062723c751e8b465ee728b) (PreviewImporter) -> (artifact id: '48a45bcb1d28740a54a3103a19751be1') in 0.00090275 seconds
Number of updated asset objects reloaded before import = 0Number of asset objects unloaded after import = 3

========================================================================
Received Import Request.
  Time since last request: 0.000069 seconds.
  path: Assets/UI Toolkit/LoginAccount.uxml
  artifactKey: Guid(3f1f126149af744d18e43c06442dfbdc) Importer(815301076,1909f56bfc062723c751e8b465ee728b)
Start importing Assets/UI Toolkit/LoginAccount.uxml using Guid(3f1f126149af744d18e43c06442dfbdc) Importer(815301076,1909f56bfc062723c751e8b465ee728b) (PreviewImporter) -> (artifact id: '4af625f558cb87598eaa17bd05d467be') in 0.000623792 seconds
Number of updated asset objects reloaded before import = 0Number of asset objects unloaded after import = 3

========================================================================
Received Import Request.
  Time since last request: 0.000042 seconds.
  path: Assets/UI Toolkit/Main Screen.uxml
  artifactKey: Guid(eab2e83df2bc540df9a62b4eabb5ea0a) Importer(815301076,1909f56bfc062723c751e8b465ee728b)
Start importing Assets/UI Toolkit/Main Screen.uxml using Guid(eab2e83df2bc540df9a62b4eabb5ea0a) Importer(815301076,1909f56bfc062723c751e8b465ee728b) (PreviewImporter) -> (artifact id: '61562c648bf634b2a3f064b14523392c') in 0.000751375 seconds
Number of updated asset objects reloaded before import = 0Number of asset objects unloaded after import = 4

========================================================================
Received Import Request.
  Time since last request: 0.000046 seconds.
  path: Assets/UI Toolkit/HeroCatalog.uxml
  artifactKey: Guid(a7022e4a4282e420d8da4f2f1ad4ba2f) Importer(815301076,1909f56bfc062723c751e8b465ee728b)
Start importing Assets/UI Toolkit/HeroCatalog.uxml using Guid(a7022e4a4282e420d8da4f2f1ad4ba2f) Importer(815301076,1909f56bfc062723c751e8b465ee728b) (PreviewImporter) -> (artifact id: '7241e55f6d30cbab30a5b6ade89ac802') in 0.000579125 seconds
Number of updated asset objects reloaded before import = 0Number of asset objects unloaded after import = 3

========================================================================
Received Import Request.
  Time since last request: 0.000091 seconds.
  path: Assets/UI Toolkit/Settings.uxml
  artifactKey: Guid(849e02245010c41669b180f3aa926b9c) Importer(815301076,1909f56bfc062723c751e8b465ee728b)
Start importing Assets/UI Toolkit/Settings.uxml using Guid(849e02245010c41669b180f3aa926b9c) Importer(815301076,1909f56bfc062723c751e8b465ee728b) (PreviewImporter) -> (artifact id: '128cc35336263d29e48940978ea3f169') in 0.000583375 seconds
Number of updated asset objects reloaded before import = 0Number of asset objects unloaded after import = 3

========================================================================
Received Import Request.
  Time since last request: 0.000029 seconds.
  path: Assets/UI Toolkit/WorldMap.uxml
  artifactKey: Guid(e7bd1d2d8e5de4b0392f2035829dc02a) Importer(815301076,1909f56bfc062723c751e8b465ee728b)
Start importing Assets/UI Toolkit/WorldMap.uxml using Guid(e7bd1d2d8e5de4b0392f2035829dc02a) Importer(815301076,1909f56bfc062723c751e8b465ee728b) (PreviewImporter) -> (artifact id: 'd9de9e11266c5bc556aafe862ca8f664') in 0.000518708 seconds
Number of updated asset objects reloaded before import = 0Number of asset objects unloaded after import = 3

========================================================================
Received Import Request.
  Time since last request: 0.000081 seconds.
  path: Assets/UI Toolkit/ExitQuitPage.uxml
  artifactKey: Guid(4720e6bc4cc5f46adbc7dac5d09cd0ac) Importer(815301076,1909f56bfc062723c751e8b465ee728b)
Start importing Assets/UI Toolkit/ExitQuitPage.uxml using Guid(4720e6bc4cc5f46adbc7dac5d09cd0ac) Importer(815301076,1909f56bfc062723c751e8b465ee728b) (PreviewImporter) -> (artifact id: '5ce724366fdbf4b5b99210e0e880dd84') in 0.000514458 seconds
Number of updated asset objects reloaded before import = 0Number of asset objects unloaded after import = 3

========================================================================
Received Import Request.
  Time since last request: 0.000047 seconds.
  path: Assets/UI Toolkit/VictoryDefeatScreen.uxml
  artifactKey: Guid(daab9aefd512f41a9a924f3dfcfb1343) Importer(815301076,1909f56bfc062723c751e8b465ee728b)
Start importing Assets/UI Toolkit/VictoryDefeatScreen.uxml using Guid(daab9aefd512f41a9a924f3dfcfb1343) Importer(815301076,1909f56bfc062723c751e8b465ee728b) (PreviewImporter) -> (artifact id: '9cb2437caa94081938f656684990abac') in 0.000479708 seconds
Number of updated asset objects reloaded before import = 0Number of asset objects unloaded after import = 3

========================================================================
Received Import Request.
  Time since last request: 46.880711 seconds.
  path: Assets/UI Toolkit/Credits.uxml
  artifactKey: Guid(3898a923cdfed45ba9f3d1f4883a3cf6) Importer(815301076,1909f56bfc062723c751e8b465ee728b)
Start importing Assets/UI Toolkit/Credits.uxml using Guid(3898a923cdfed45ba9f3d1f4883a3cf6) Importer(815301076,1909f56bfc062723c751e8b465ee728b) (PreviewImporter) -> (artifact id: '44038e72815a0139bd63d46a81b1195d') in 0.000923583 seconds
Number of updated asset objects reloaded before import = 0Number of asset objects unloaded after import = 3

========================================================================
Received Import Request.
  Time since last request: 0.000098 seconds.
  path: Assets/UI Toolkit/LoginAccount.uxml
  artifactKey: Guid(3f1f126149af744d18e43c06442dfbdc) Importer(815301076,1909f56bfc062723c751e8b465ee728b)
Start importing Assets/UI Toolkit/LoginAccount.uxml using Guid(3f1f126149af744d18e43c06442dfbdc) Importer(815301076,1909f56bfc062723c751e8b465ee728b) (PreviewImporter) -> (artifact id: 'a28447672e06330844cf96792fd880d9') in 0.00065975 seconds
Number of updated asset objects reloaded before import = 0Number of asset objects unloaded after import = 3

========================================================================
Received Import Request.
  Time since last request: 0.000045 seconds.
  path: Assets/UI Toolkit/TeamSelection.uxml
  artifactKey: Guid(a540bd7d9b1b2439ab2d5d2d8b549a87) Importer(815301076,1909f56bfc062723c751e8b465ee728b)
Start importing Assets/UI Toolkit/TeamSelection.uxml using Guid(a540bd7d9b1b2439ab2d5d2d8b549a87) Importer(815301076,1909f56bfc062723c751e8b465ee728b) (PreviewImporter) -> (artifact id: '6f21ac1c468679883e97cecf5387f063') in 0.000669125 seconds
Number of updated asset objects reloaded before import = 0Number of asset objects unloaded after import = 3

========================================================================
Received Import Request.
  Time since last request: 0.000040 seconds.
  path: Assets/UI Toolkit/HeroCatalog.uxml
  artifactKey: Guid(a7022e4a4282e420d8da4f2f1ad4ba2f) Importer(815301076,1909f56bfc062723c751e8b465ee728b)
Start importing Assets/UI Toolkit/HeroCatalog.uxml using Guid(a7022e4a4282e420d8da4f2f1ad4ba2f) Importer(815301076,1909f56bfc062723c751e8b465ee728b) (PreviewImporter) -> (artifact id: '2090eaca41944ef21ff5430a66f938af') in 0.000633375 seconds
Number of updated asset objects reloaded before import = 0Number of asset objects unloaded after import = 3

========================================================================
Received Import Request.
  Time since last request: 0.000081 seconds.
  path: Assets/UI Toolkit/Leaderboards.uxml
  artifactKey: Guid(dca3962c3f93f408e9f0ceabcda19160) Importer(815301076,1909f56bfc062723c751e8b465ee728b)
Start importing Assets/UI Toolkit/Leaderboards.uxml using Guid(dca3962c3f93f408e9f0ceabcda19160) Importer(815301076,1909f56bfc062723c751e8b465ee728b) (PreviewImporter) -> (artifact id: '17c8f62c14a6cf1d1a56308cab442156') in 0.000574709 seconds
Number of updated asset objects reloaded before import = 0Number of asset objects unloaded after import = 3

========================================================================
Received Import Request.
  Time since last request: 0.000052 seconds.
  path: Assets/UI Toolkit/PvPLobby.uxml
  artifactKey: Guid(a2fb9a6dc86694425ade6c123b36423e) Importer(815301076,1909f56bfc062723c751e8b465ee728b)
Start importing Assets/UI Toolkit/PvPLobby.uxml using Guid(a2fb9a6dc86694425ade6c123b36423e) Importer(815301076,1909f56bfc062723c751e8b465ee728b) (PreviewImporter) -> (artifact id: '4f708833778486eba36ee12a0b2f902a') in 0.000515916 seconds
Number of updated asset objects reloaded before import = 0Number of asset objects unloaded after import = 3

========================================================================
Received Import Request.
  Time since last request: 0.000046 seconds.
  path: Assets/UI Toolkit/ExitQuitPage.uxml
  artifactKey: Guid(4720e6bc4cc5f46adbc7dac5d09cd0ac) Importer(815301076,1909f56bfc062723c751e8b465ee728b)
Start importing Assets/UI Toolkit/ExitQuitPage.uxml using Guid(4720e6bc4cc5f46adbc7dac5d09cd0ac) Importer(815301076,1909f56bfc062723c751e8b465ee728b) (PreviewImporter) -> (artifact id: '759f2dfb1031aba8ab1a9d6f467b7b33') in 0.000491 seconds
Number of updated asset objects reloaded before import = 0Number of asset objects unloaded after import = 3

========================================================================
Received Import Request.
  Time since last request: 0.000043 seconds.
  path: Assets/UI Toolkit/VictoryDefeatScreen.uxml
  artifactKey: Guid(daab9aefd512f41a9a924f3dfcfb1343) Importer(815301076,1909f56bfc062723c751e8b465ee728b)
Start importing Assets/UI Toolkit/VictoryDefeatScreen.uxml using Guid(daab9aefd512f41a9a924f3dfcfb1343) Importer(815301076,1909f56bfc062723c751e8b465ee728b) (PreviewImporter) -> (artifact id: '223c16e709b237fa4b66e9294cc56cd5') in 0.000614125 seconds
Number of updated asset objects reloaded before import = 0Number of asset objects unloaded after import = 3

========================================================================
Received Import Request.
  Time since last request: 66.938629 seconds.
  path: Assets/UI Toolkit/Credits.uxml
  artifactKey: Guid(3898a923cdfed45ba9f3d1f4883a3cf6) Importer(815301076,1909f56bfc062723c751e8b465ee728b)
Start importing Assets/UI Toolkit/Credits.uxml using Guid(3898a923cdfed45ba9f3d1f4883a3cf6) Importer(815301076,1909f56bfc062723c751e8b465ee728b) (PreviewImporter) -> (artifact id: '0519175618ff8ed9ca7256ff48277f2b') in 0.000839458 seconds
Number of updated asset objects reloaded before import = 0Number of asset objects unloaded after import = 3

========================================================================
Received Import Request.
  Time since last request: 0.000091 seconds.
  path: Assets/UI Toolkit/LoginAccount.uxml
  artifactKey: Guid(3f1f126149af744d18e43c06442dfbdc) Importer(815301076,1909f56bfc062723c751e8b465ee728b)
Start importing Assets/UI Toolkit/LoginAccount.uxml using Guid(3f1f126149af744d18e43c06442dfbdc) Importer(815301076,1909f56bfc062723c751e8b465ee728b) (PreviewImporter) -> (artifact id: '7406b6d41caefa34787da895349a9f8b') in 0.000724292 seconds
Number of updated asset objects reloaded before import = 0Number of asset objects unloaded after import = 3

========================================================================
Received Import Request.
  Time since last request: 0.000071 seconds.
  path: Assets/UI Toolkit/HeroCatalog.uxml
  artifactKey: Guid(a7022e4a4282e420d8da4f2f1ad4ba2f) Importer(815301076,1909f56bfc062723c751e8b465ee728b)
Start importing Assets/UI Toolkit/HeroCatalog.uxml using Guid(a7022e4a4282e420d8da4f2f1ad4ba2f) Importer(815301076,1909f56bfc062723c751e8b465ee728b) (PreviewImporter) -> (artifact id: 'f0950f5791e2261bf0e5cb26b3c3e33d') in 0.001259 seconds
Number of updated asset objects reloaded before import = 0Number of asset objects unloaded after import = 3

========================================================================
Received Import Request.
  Time since last request: 0.000072 seconds.
  path: Assets/UI Toolkit/TeamSelection.uxml
  artifactKey: Guid(a540bd7d9b1b2439ab2d5d2d8b549a87) Importer(815301076,1909f56bfc062723c751e8b465ee728b)
Start importing Assets/UI Toolkit/TeamSelection.uxml using Guid(a540bd7d9b1b2439ab2d5d2d8b549a87) Importer(815301076,1909f56bfc062723c751e8b465ee728b) (PreviewImporter) -> (artifact id: '3f11f758fa1443f0bfba908e9194f144') in 0.000769416 seconds
Number of updated asset objects reloaded before import = 0Number of asset objects unloaded after import = 3

========================================================================
Received Import Request.
  Time since last request: 0.000100 seconds.
  path: Assets/UI Toolkit/PvPLobby.uxml
  artifactKey: Guid(a2fb9a6dc86694425ade6c123b36423e) Importer(815301076,1909f56bfc062723c751e8b465ee728b)
Start importing Assets/UI Toolkit/PvPLobby.uxml using Guid(a2fb9a6dc86694425ade6c123b36423e) Importer(815301076,1909f56bfc062723c751e8b465ee728b) (PreviewImporter) -> (artifact id: '2b790eb490c0fb035d69c8da14dc71db') in 0.000566667 seconds
Number of updated asset objects reloaded before import = 0Number of asset objects unloaded after import = 3

========================================================================
Received Import Request.
  Time since last request: 0.000040 seconds.
  path: Assets/UI Toolkit/ExitQuitPage.uxml
  artifactKey: Guid(4720e6bc4cc5f46adbc7dac5d09cd0ac) Importer(815301076,1909f56bfc062723c751e8b465ee728b)
Start importing Assets/UI Toolkit/ExitQuitPage.uxml using Guid(4720e6bc4cc5f46adbc7dac5d09cd0ac) Importer(815301076,1909f56bfc062723c751e8b465ee728b) (PreviewImporter) -> (artifact id: '17558b406793b048eb2f194780052a66') in 0.000559 seconds
Number of updated asset objects reloaded before import = 0Number of asset objects unloaded after import = 3

========================================================================
Received Import Request.
  Time since last request: 0.000085 seconds.
  path: Assets/UI Toolkit/VictoryDefeatScreen.uxml
  artifactKey: Guid(daab9aefd512f41a9a924f3dfcfb1343) Importer(815301076,1909f56bfc062723c751e8b465ee728b)
Start importing Assets/UI Toolkit/VictoryDefeatScreen.uxml using Guid(daab9aefd512f41a9a924f3dfcfb1343) Importer(815301076,1909f56bfc062723c751e8b465ee728b) (PreviewImporter) -> (artifact id: '479e6378ddc6ae1e31e54890f23942ca') in 0.000524584 seconds
Number of updated asset objects reloaded before import = 0Number of asset objects unloaded after import = 3

========================================================================
Received Import Request.
  Time since last request: 66.575642 seconds.
  path: Assets/UI Toolkit/Credits.uxml
  artifactKey: Guid(3898a923cdfed45ba9f3d1f4883a3cf6) Importer(815301076,1909f56bfc062723c751e8b465ee728b)
Start importing Assets/UI Toolkit/Credits.uxml using Guid(3898a923cdfed45ba9f3d1f4883a3cf6) Importer(815301076,1909f56bfc062723c751e8b465ee728b) (PreviewImporter) -> (artifact id: '49497b3c401ba7e85d9a082a4a7bf6a6') in 0.00096675 seconds
Number of updated asset objects reloaded before import = 0Number of asset objects unloaded after import = 3

========================================================================
Received Import Request.
  Time since last request: 0.000092 seconds.
  path: Assets/UI Toolkit/Main Screen.uss
  artifactKey: Guid(ea091580d1675426ca15f53af2106072) Importer(815301076,1909f56bfc062723c751e8b465ee728b)
Start importing Assets/UI Toolkit/Main Screen.uss using Guid(ea091580d1675426ca15f53af2106072) Importer(815301076,1909f56bfc062723c751e8b465ee728b) (PreviewImporter) -> (artifact id: '026a4b2451fbf4215f99d6a2833df754') in 0.000416416 seconds
Number of updated asset objects reloaded before import = 0Number of asset objects unloaded after import = 1

========================================================================
Received Import Request.
  Time since last request: 0.000058 seconds.
  path: Assets/UI Toolkit/Main Screen.uxml
  artifactKey: Guid(eab2e83df2bc540df9a62b4eabb5ea0a) Importer(815301076,1909f56bfc062723c751e8b465ee728b)
Start importing Assets/UI Toolkit/Main Screen.uxml using Guid(eab2e83df2bc540df9a62b4eabb5ea0a) Importer(815301076,1909f56bfc062723c751e8b465ee728b) (PreviewImporter) -> (artifact id: 'e501d217c6d447bc97c0d64ea0839576') in 0.000930125 seconds
Number of updated asset objects reloaded before import = 0Number of asset objects unloaded after import = 4

========================================================================
Received Import Request.
  Time since last request: 0.000092 seconds.
  path: Assets/UI Toolkit/TeamSelection.uxml
  artifactKey: Guid(a540bd7d9b1b2439ab2d5d2d8b549a87) Importer(815301076,1909f56bfc062723c751e8b465ee728b)
Start importing Assets/UI Toolkit/TeamSelection.uxml using Guid(a540bd7d9b1b2439ab2d5d2d8b549a87) Importer(815301076,1909f56bfc062723c751e8b465ee728b) (PreviewImporter) -> (artifact id: '0b5bcaaa852aeddc1265f0e030884f22') in 0.000664625 seconds
Number of updated asset objects reloaded before import = 0Number of asset objects unloaded after import = 3

========================================================================
Received Import Request.
  Time since last request: 0.000059 seconds.
  path: Assets/UI Toolkit/Settings.uxml
  artifactKey: Guid(849e02245010c41669b180f3aa926b9c) Importer(815301076,1909f56bfc062723c751e8b465ee728b)
Start importing Assets/UI Toolkit/Settings.uxml using Guid(849e02245010c41669b180f3aa926b9c) Importer(815301076,1909f56bfc062723c751e8b465ee728b) (PreviewImporter) -> (artifact id: '83d161dfa4772d714820b1c11f0622a0') in 0.000746625 seconds
Number of updated asset objects reloaded before import = 0Number of asset objects unloaded after import = 3

========================================================================
Received Import Request.
  Time since last request: 0.000069 seconds.
  path: Assets/UI Toolkit/WorldMap.uxml
  artifactKey: Guid(e7bd1d2d8e5de4b0392f2035829dc02a) Importer(815301076,1909f56bfc062723c751e8b465ee728b)
Start importing Assets/UI Toolkit/WorldMap.uxml using Guid(e7bd1d2d8e5de4b0392f2035829dc02a) Importer(815301076,1909f56bfc062723c751e8b465ee728b) (PreviewImporter) -> (artifact id: '2752a88129e4914626b8b2af1b398293') in 0.000579 seconds
Number of updated asset objects reloaded before import = 0Number of asset objects unloaded after import = 3

========================================================================
Received Import Request.
  Time since last request: 0.000049 seconds.
  path: Assets/UI Toolkit/ShopGallery.uxml
  artifactKey: Guid(8d57f9a2f651d4837b3cd2c0b55fee19) Importer(815301076,1909f56bfc062723c751e8b465ee728b)
Start importing Assets/UI Toolkit/ShopGallery.uxml using Guid(8d57f9a2f651d4837b3cd2c0b55fee19) Importer(815301076,1909f56bfc062723c751e8b465ee728b) (PreviewImporter) -> (artifact id: '7544ba57eb293b02fb1b6c789b209b67') in 0.000530042 seconds
Number of updated asset objects reloaded before import = 0Number of asset objects unloaded after import = 3

========================================================================
Received Import Request.
  Time since last request: 0.000126 seconds.
  path: Assets/UI Toolkit/HeroProfile.uxml
  artifactKey: Guid(36ff552ee62f94ee7a09dcfb0c0f4675) Importer(815301076,1909f56bfc062723c751e8b465ee728b)
Start importing Assets/UI Toolkit/HeroProfile.uxml using Guid(36ff552ee62f94ee7a09dcfb0c0f4675) Importer(815301076,1909f56bfc062723c751e8b465ee728b) (PreviewImporter) -> (artifact id: 'e347f52e6fc8341c75fefcd3547c1986') in 0.000605333 seconds
Number of updated asset objects reloaded before import = 0Number of asset objects unloaded after import = 3

========================================================================
Received Import Request.
  Time since last request: 72.435156 seconds.
  path: Assets/UI Toolkit/Credits.uxml
  artifactKey: Guid(3898a923cdfed45ba9f3d1f4883a3cf6) Importer(815301076,1909f56bfc062723c751e8b465ee728b)
Start importing Assets/UI Toolkit/Credits.uxml using Guid(3898a923cdfed45ba9f3d1f4883a3cf6) Importer(815301076,1909f56bfc062723c751e8b465ee728b) (PreviewImporter) -> (artifact id: '7732941d034552af72373427dbac385b') in 0.000961916 seconds
Number of updated asset objects reloaded before import = 0Number of asset objects unloaded after import = 3

========================================================================
Received Import Request.
  Time since last request: 0.000107 seconds.
  path: Assets/UI Toolkit/Main Screen.uss
  artifactKey: Guid(ea091580d1675426ca15f53af2106072) Importer(815301076,1909f56bfc062723c751e8b465ee728b)
Start importing Assets/UI Toolkit/Main Screen.uss using Guid(ea091580d1675426ca15f53af2106072) Importer(815301076,1909f56bfc062723c751e8b465ee728b) (PreviewImporter) -> (artifact id: 'b4e9d02370982505973574d7299c39cc') in 0.000464291 seconds
Number of updated asset objects reloaded before import = 0Number of asset objects unloaded after import = 1

========================================================================
Received Import Request.
  Time since last request: 0.000084 seconds.
  path: Assets/UI Toolkit/Main Screen.uxml
  artifactKey: Guid(eab2e83df2bc540df9a62b4eabb5ea0a) Importer(815301076,1909f56bfc062723c751e8b465ee728b)
Start importing Assets/UI Toolkit/Main Screen.uxml using Guid(eab2e83df2bc540df9a62b4eabb5ea0a) Importer(815301076,1909f56bfc062723c751e8b465ee728b) (PreviewImporter) -> (artifact id: '390544c6f1e5f3f7099cee71e719ee88') in 0.0007715 seconds
Number of updated asset objects reloaded before import = 0Number of asset objects unloaded after import = 4

========================================================================
Received Import Request.
  Time since last request: 0.000026 seconds.
  path: Assets/UI Toolkit/TeamSelection.uxml
  artifactKey: Guid(a540bd7d9b1b2439ab2d5d2d8b549a87) Importer(815301076,1909f56bfc062723c751e8b465ee728b)
Start importing Assets/UI Toolkit/TeamSelection.uxml using Guid(a540bd7d9b1b2439ab2d5d2d8b549a87) Importer(815301076,1909f56bfc062723c751e8b465ee728b) (PreviewImporter) -> (artifact id: 'b012b4f93b1780884d096b6a4d892dd4') in 0.00055725 seconds
Number of updated asset objects reloaded before import = 0Number of asset objects unloaded after import = 3

========================================================================
Received Import Request.
  Time since last request: 0.000041 seconds.
  path: Assets/UI Toolkit/Settings.uxml
  artifactKey: Guid(849e02245010c41669b180f3aa926b9c) Importer(815301076,1909f56bfc062723c751e8b465ee728b)
Start importing Assets/UI Toolkit/Settings.uxml using Guid(849e02245010c41669b180f3aa926b9c) Importer(815301076,1909f56bfc062723c751e8b465ee728b) (PreviewImporter) -> (artifact id: '79d2bf13c106ef92a80bf32ae685463a') in 0.000592667 seconds
Number of updated asset objects reloaded before import = 0Number of asset objects unloaded after import = 3

========================================================================
Received Import Request.
  Time since last request: 0.000080 seconds.
  path: Assets/UI Toolkit/WorldMap.uxml
  artifactKey: Guid(e7bd1d2d8e5de4b0392f2035829dc02a) Importer(815301076,1909f56bfc062723c751e8b465ee728b)
Start importing Assets/UI Toolkit/WorldMap.uxml using Guid(e7bd1d2d8e5de4b0392f2035829dc02a) Importer(815301076,1909f56bfc062723c751e8b465ee728b) (PreviewImporter) -> (artifact id: '5487f79c4225377b03bbb1b613a6f129') in 0.000559166 seconds
Number of updated asset objects reloaded before import = 0Number of asset objects unloaded after import = 3

========================================================================
Received Import Request.
  Time since last request: 0.000090 seconds.
  path: Assets/UI Toolkit/ExitQuitPage.uxml
  artifactKey: Guid(4720e6bc4cc5f46adbc7dac5d09cd0ac) Importer(815301076,1909f56bfc062723c751e8b465ee728b)
Start importing Assets/UI Toolkit/ExitQuitPage.uxml using Guid(4720e6bc4cc5f46adbc7dac5d09cd0ac) Importer(815301076,1909f56bfc062723c751e8b465ee728b) (PreviewImporter) -> (artifact id: 'd2dbdfc1cce5ae7e32f286bedac2f121') in 0.000604708 seconds
Number of updated asset objects reloaded before import = 0Number of asset objects unloaded after import = 3

========================================================================
Received Import Request.
  Time since last request: 0.000056 seconds.
  path: Assets/UI Toolkit/VictoryDefeatScreen.uxml
  artifactKey: Guid(daab9aefd512f41a9a924f3dfcfb1343) Importer(815301076,1909f56bfc062723c751e8b465ee728b)
Start importing Assets/UI Toolkit/VictoryDefeatScreen.uxml using Guid(daab9aefd512f41a9a924f3dfcfb1343) Importer(815301076,1909f56bfc062723c751e8b465ee728b) (PreviewImporter) -> (artifact id: 'c8c6d72ca75dea916c997c6ab9118f41') in 0.000548583 seconds
Number of updated asset objects reloaded before import = 0Number of asset objects unloaded after import = 3

